Using pre-set license
Built from '2021.3/staging' branch; Version is '2021.3.15f1 (e8e88683f834) revision 15263878'; Using compiler version '192829333'; Build Type 'Release'
OS: 'Windows 11  (10.0.22621) 64bit Professional' Language: 'pt' Physical Memory: 16174 MB
BatchMode: 1, IsHumanControllingUs: 0, StartBugReporterOnCrash: 0, Is64bit: 1, IsPro: 1

COMMAND LINE ARGUMENTS:
E:\Unity\2021.3.15f1\Editor\Unity.exe
-adb2
-batchMode
-noUpm
-name
AssetImportWorker3
-projectPath
E:/Git/Projetos/VPT_Challenge/DeliveryHouse
-logFile
Logs/AssetImportWorker3.log
-srvPort
55520
Successfully changed project path to: E:/Git/Projetos/VPT_Challenge/DeliveryHouse
E:/Git/Projetos/VPT_Challenge/DeliveryHouse
[UnityMemory] Configuration Parameters - Can be set up in boot.config
    "memorysetup-bucket-allocator-granularity=16"
    "memorysetup-bucket-allocator-bucket-count=8"
    "memorysetup-bucket-allocator-block-size=33554432"
    "memorysetup-bucket-allocator-block-count=8"
    "memorysetup-main-allocator-block-size=16777216"
    "memorysetup-thread-allocator-block-size=16777216"
    "memorysetup-gfx-main-allocator-block-size=16777216"
    "memorysetup-gfx-thread-allocator-block-size=16777216"
    "memorysetup-cache-allocator-block-size=4194304"
    "memorysetup-typetree-allocator-block-size=2097152"
    "memorysetup-profiler-bucket-allocator-granularity=16"
    "memorysetup-profiler-bucket-allocator-bucket-count=8"
    "memorysetup-profiler-bucket-allocator-block-size=33554432"
    "memorysetup-profiler-bucket-allocator-block-count=8"
    "memorysetup-profiler-allocator-block-size=16777216"
    "memorysetup-profiler-editor-allocator-block-size=1048576"
    "memorysetup-temp-allocator-size-main=16777216"
    "memorysetup-job-temp-allocator-block-size=2097152"
    "memorysetup-job-temp-allocator-block-size-background=1048576"
    "memorysetup-job-temp-allocator-reduction-small-platforms=262144"
    "memorysetup-temp-allocator-size-background-worker=32768"
    "memorysetup-temp-allocator-size-job-worker=262144"
    "memorysetup-temp-allocator-size-preload-manager=33554432"
    "memorysetup-temp-allocator-size-nav-mesh-worker=65536"
    "memorysetup-temp-allocator-size-audio-worker=65536"
    "memorysetup-temp-allocator-size-cloud-worker=32768"
    "memorysetup-temp-allocator-size-gi-baking-worker=262144"
    "memorysetup-temp-allocator-size-gfx=262144"
Player connection [33612] Host "[IP] 192.168.15.12 [Port] 0 [Flags] 2 [Guid] 287855851 [EditorId] 287855851 [Version] 1048832 [Id] WindowsEditor(7,DESKTOP-H33AGGO) [Debug] 1 [PackageName] WindowsEditor [ProjectName] Editor" joined multi-casting on [225.0.0.222:54997]...

Player connection [33612] Host "[IP] 192.168.15.12 [Port] 0 [Flags] 2 [Guid] 287855851 [EditorId] 287855851 [Version] 1048832 [Id] WindowsEditor(7,DESKTOP-H33AGGO) [Debug] 1 [PackageName] WindowsEditor [ProjectName] Editor" joined alternative multi-casting on [225.0.0.222:34997]...

Refreshing native plugins compatible for Editor in 81.88 ms, found 3 plugins.
Preloading 0 native plugins for Editor in 0.00 ms.
Initialize engine version: 2021.3.15f1 (e8e88683f834)
[Subsystems] Discovering subsystems at path E:/Unity/2021.3.15f1/Editor/Data/Resources/UnitySubsystems
[Subsystems] Discovering subsystems at path E:/Git/Projetos/VPT_Challenge/DeliveryHouse/Assets
GfxDevice: creating device client; threaded=0; jobified=0
Direct3D:
    Version:  Direct3D 11.0 [level 11.1]
    Renderer: NVIDIA GeForce GTX 1070 (ID=0x1b81)
    Vendor:   NVIDIA
    VRAM:     8081 MB
    Driver:   31.0.15.3179
Initialize mono
Mono path[0] = 'E:/Unity/2021.3.15f1/Editor/Data/Managed'
Mono path[1] = 'E:/Unity/2021.3.15f1/Editor/Data/MonoBleedingEdge/lib/mono/unityjit-win32'
Mono config path = 'E:/Unity/2021.3.15f1/Editor/Data/MonoBleedingEdge/etc'
Using monoOptions --debugger-agent=transport=dt_socket,embedding=1,server=y,suspend=n,address=127.0.0.1:56368
Begin MonoManager ReloadAssembly
Registering precompiled unity dll's ...
Register platform support module: E:/Unity/2021.3.15f1/Editor/Data/PlaybackEngines/WebGLSupport/UnityEditor.WebGL.Extensions.dll
Register platform support module: E:/Unity/2021.3.15f1/Editor/Data/PlaybackEngines/AndroidPlayer/UnityEditor.Android.Extensions.dll
Register platform support module: E:/Unity/2021.3.15f1/Editor/Data/PlaybackEngines/WindowsStandaloneSupport/UnityEditor.WindowsStandalone.Extensions.dll
Registered in 0.002400 seconds.
Native extension for WindowsStandalone target not found
Native extension for Android target not found
Native extension for WebGL target not found
Refreshing native plugins compatible for Editor in 68.73 ms, found 3 plugins.
Preloading 0 native plugins for Editor in 0.00 ms.
Mono: successfully reloaded assembly
- Completed reload, in  0.523 seconds
Domain Reload Profiling:
	ReloadAssembly (523ms)
		BeginReloadAssembly (74ms)
			ExecutionOrderSort (0ms)
			DisableScriptedObjects (0ms)
			BackupInstance (0ms)
			ReleaseScriptingObjects (0ms)
			CreateAndSetChildDomain (1ms)
		EndReloadAssembly (373ms)
			LoadAssemblies (75ms)
			RebuildTransferFunctionScriptingTraits (0ms)
			SetupTypeCache (81ms)
			ReleaseScriptCaches (0ms)
			RebuildScriptCaches (22ms)
			SetupLoadedEditorAssemblies (231ms)
				LogAssemblyErrors (0ms)
				InitializePlatformSupportModulesInManaged (44ms)
				SetLoadedEditorAssemblies (0ms)
				RefreshPlugins (69ms)
				BeforeProcessingInitializeOnLoad (1ms)
				ProcessInitializeOnLoadAttributes (81ms)
				ProcessInitializeOnLoadMethodAttributes (35ms)
				AfterProcessingInitializeOnLoad (0ms)
				EditorAssembliesLoaded (0ms)
			ExecutionOrderSort2 (0ms)
			AwakeInstancesAfterBackupRestoration (0ms)
Platform modules already initialized, skipping
Registering precompiled user dll's ...
Registered in 0.004515 seconds.
Begin MonoManager ReloadAssembly
Symbol file LoadedFromMemory doesn't match image E:\Git\Projetos\VPT_Challenge\DeliveryHouse\Library\PackageCache\com.unity.visualscripting@1.7.8\Editor\VisualScripting.Core\Dependencies\YamlDotNet\Unity.VisualScripting.YamlDotNet.dll
Symbol file LoadedFromMemory doesn't match image E:\Git\Projetos\VPT_Challenge\DeliveryHouse\Library\PackageCache\com.unity.visualscripting@1.7.8\Editor\VisualScripting.Core\Dependencies\DotNetZip\Unity.VisualScripting.IonicZip.dll
Native extension for WindowsStandalone target not found
Native extension for Android target not found
Native extension for WebGL target not found
Refreshing native plugins compatible for Editor in 72.46 ms, found 3 plugins.
Preloading 0 native plugins for Editor in 0.00 ms.
Mono: successfully reloaded assembly
- Completed reload, in  1.160 seconds
Domain Reload Profiling:
	ReloadAssembly (1160ms)
		BeginReloadAssembly (230ms)
			ExecutionOrderSort (0ms)
			DisableScriptedObjects (5ms)
			BackupInstance (0ms)
			ReleaseScriptingObjects (0ms)
			CreateAndSetChildDomain (136ms)
		EndReloadAssembly (844ms)
			LoadAssemblies (97ms)
			RebuildTransferFunctionScriptingTraits (0ms)
			SetupTypeCache (236ms)
			ReleaseScriptCaches (1ms)
			RebuildScriptCaches (49ms)
			SetupLoadedEditorAssemblies (451ms)
				LogAssemblyErrors (0ms)
				InitializePlatformSupportModulesInManaged (11ms)
				SetLoadedEditorAssemblies (0ms)
				RefreshPlugins (73ms)
				BeforeProcessingInitializeOnLoad (75ms)
				ProcessInitializeOnLoadAttributes (270ms)
				ProcessInitializeOnLoadMethodAttributes (20ms)
				AfterProcessingInitializeOnLoad (2ms)
				EditorAssembliesLoaded (0ms)
			ExecutionOrderSort2 (0ms)
			AwakeInstancesAfterBackupRestoration (4ms)
Platform modules already initialized, skipping
========================================================================
Worker process is ready to serve import requests
Launched and connected shader compiler UnityShaderCompiler.exe after 0.04 seconds
Refreshing native plugins compatible for Editor in 0.79 ms, found 3 plugins.
Preloading 0 native plugins for Editor in 0.00 ms.
Unloading 3881 Unused Serialized files (Serialized files now loaded: 0)
Unloading 43 unused Assets / (184.7 KB). Loaded Objects now: 4341.
Memory consumption went from 139.8 MB to 139.6 MB.
Total: 2.871100 ms (FindLiveObjects: 0.259700 ms CreateObjectMapping: 0.088000 ms MarkObjects: 2.406600 ms  DeleteObjects: 0.115400 ms)

AssetImportParameters requested are different than current active one (requested -> active):
  custom:video-decoder-ogg-theora: a1e56fd34408186e4bbccfd4996cb3dc -> 
  custom:container-muxer-webm: aa71ff27fc2769a1b78a27578f13a17b -> 
  custom:container-demuxer-webm: 4f35f7cbe854078d1ac9338744f61a02 -> 
  custom:video-encoder-webm-vp8: eb34c28f22e8b96e1ab97ce403110664 -> 
  custom:audio-encoder-webm-vorbis: bf7c407c2cedff20999df2af8eb42d56 -> 
  custom:framework-win-MediaFoundation: 216162199b28c13a410421893ffa2e32 -> 
  custom:container-demuxer-ogg: 62fdf1f143b41e24485cea50d1cbac27 -> 
  custom:video-decoder-webm-vp8: 9c59270c3fd7afecdb556c50c9e8de78 -> 
  custom:audio-decoder-ogg-vorbis: bf7c407c2cedff20999df2af8eb42d56 -> 
========================================================================
Received Import Request.
  Time since last request: 30783.261175 seconds.
  path: Assets/Props/Kitchen Asset/Prefabs/Board.prefab
  artifactKey: Guid(da39b72aa18fa5e48b10d7ec95000d35) Importer(815301076,1909f56bfc062723c751e8b465ee728b)
Start importing Assets/Props/Kitchen Asset/Prefabs/Board.prefab using Guid(da39b72aa18fa5e48b10d7ec95000d35) Importer(815301076,1909f56bfc062723c751e8b465ee728b)  -> (artifact id: '00432711ae92a812844d7a1117c3badf') in 0.130370 seconds 
========================================================================
Received Import Request.
  Time since last request: 0.000028 seconds.
  path: Assets/Props/Kitchen Asset/Prefabs/deeppan.prefab
  artifactKey: Guid(d15472a0ad9a62e49a54ad28cabd11cb) Importer(815301076,1909f56bfc062723c751e8b465ee728b)
Start importing Assets/Props/Kitchen Asset/Prefabs/deeppan.prefab using Guid(d15472a0ad9a62e49a54ad28cabd11cb) Importer(815301076,1909f56bfc062723c751e8b465ee728b)  -> (artifact id: '9a864604c2faf598297d1bd10dccda7b') in 0.036496 seconds 
========================================================================
Received Import Request.
  Time since last request: 0.000037 seconds.
  path: Assets/Props/Kitchen Asset/Prefabs/Plate2.prefab
  artifactKey: Guid(9fb9d47ff93c62c4d81c6e1da501012a) Importer(815301076,1909f56bfc062723c751e8b465ee728b)
Start importing Assets/Props/Kitchen Asset/Prefabs/Plate2.prefab using Guid(9fb9d47ff93c62c4d81c6e1da501012a) Importer(815301076,1909f56bfc062723c751e8b465ee728b)  -> (artifact id: '8798bccf73f8e55c6e4115ecc6012a23') in 0.164776 seconds 
========================================================================
Received Import Request.
  Time since last request: 0.000029 seconds.
  path: Assets/Props/Kitchen Asset/Prefabs/Spoon.prefab
  artifactKey: Guid(32cf7cb5324804148862798ee1f49df8) Importer(815301076,1909f56bfc062723c751e8b465ee728b)
Start importing Assets/Props/Kitchen Asset/Prefabs/Spoon.prefab using Guid(32cf7cb5324804148862798ee1f49df8) Importer(815301076,1909f56bfc062723c751e8b465ee728b)  -> (artifact id: '97edad114827332a62d16abfba243731') in 0.029789 seconds 
========================================================================
Received Import Request.
  Time since last request: 0.000034 seconds.
  path: Assets/Props/Kitchen Asset/Prefabs/Sauce1.prefab
  artifactKey: Guid(c8b63a757cfc15c40a46b3d1a93f140b) Importer(815301076,1909f56bfc062723c751e8b465ee728b)
Start importing Assets/Props/Kitchen Asset/Prefabs/Sauce1.prefab using Guid(c8b63a757cfc15c40a46b3d1a93f140b) Importer(815301076,1909f56bfc062723c751e8b465ee728b)  -> (artifact id: 'd5283a6c1451d8839bb5f67848e5b5bf') in 0.211445 seconds 
========================================================================
Received Import Request.
  Time since last request: 0.000044 seconds.
  path: Assets/Props/Kitchen Asset/Prefabs/WaterMElon.prefab
  artifactKey: Guid(595f07ceb372f6843847d984ba9aaf8b) Importer(815301076,1909f56bfc062723c751e8b465ee728b)
Start importing Assets/Props/Kitchen Asset/Prefabs/WaterMElon.prefab using Guid(595f07ceb372f6843847d984ba9aaf8b) Importer(815301076,1909f56bfc062723c751e8b465ee728b)  -> (artifact id: '48379e1412afca210f7f934b73f52145') in 0.214507 seconds 
========================================================================
Received Import Request.
  Time since last request: 0.000027 seconds.
  path: Assets/Props/Kitchen Asset/Prefabs/Fork.prefab
  artifactKey: Guid(b540476b589f10f46abb067b58e9e698) Importer(815301076,1909f56bfc062723c751e8b465ee728b)
Start importing Assets/Props/Kitchen Asset/Prefabs/Fork.prefab using Guid(b540476b589f10f46abb067b58e9e698) Importer(815301076,1909f56bfc062723c751e8b465ee728b)  -> (artifact id: 'ec340a82e492b1293589f330f84ad464') in 0.015610 seconds 
========================================================================
Received Import Request.
  Time since last request: 0.000033 seconds.
  path: Assets/Props/Kitchen Asset/Prefabs/Stand.prefab
  artifactKey: Guid(f1969e8867becad48968186262fbf790) Importer(815301076,1909f56bfc062723c751e8b465ee728b)
Start importing Assets/Props/Kitchen Asset/Prefabs/Stand.prefab using Guid(f1969e8867becad48968186262fbf790) Importer(815301076,1909f56bfc062723c751e8b465ee728b)  -> (artifact id: '1e423b5af5ac69aa102e026134a1f664') in 0.017382 seconds 
========================================================================
Received Import Request.
  Time since last request: 0.000026 seconds.
  path: Assets/Props/Kitchen Asset/Prefabs/Knife2.prefab
  artifactKey: Guid(2a79468e213672b4984d41d9f26ab16a) Importer(815301076,1909f56bfc062723c751e8b465ee728b)
Start importing Assets/Props/Kitchen Asset/Prefabs/Knife2.prefab using Guid(2a79468e213672b4984d41d9f26ab16a) Importer(815301076,1909f56bfc062723c751e8b465ee728b)  -> (artifact id: '9ac2ad6541c7f07fbae511bddea772f4') in 0.100578 seconds 
Editor requested this worker to shutdown with reason: Scaling down because of idle timeout
AssetImportWorker is now disconnected from the server
Process exiting
Exiting without the bug reporter. Application will terminate with return code 0