Using pre-set license
Built from '2021.3/staging' branch; Version is '2021.3.15f1 (e8e88683f834) revision 15263878'; Using compiler version '192829333'; Build Type 'Release'
OS: 'Windows 11  (10.0.22621) 64bit Professional' Language: 'pt' Physical Memory: 16174 MB
BatchMode: 1, IsHumanControllingUs: 0, StartBugReporterOnCrash: 0, Is64bit: 1, IsPro: 1

COMMAND LINE ARGUMENTS:
E:\Unity\2021.3.15f1\Editor\Unity.exe
-adb2
-batchMode
-noUpm
-name
AssetImportWorker6
-projectPath
E:/Git/Projetos/VPT_Challenge/DeliveryHouse
-logFile
Logs/AssetImportWorker6.log
-srvPort
53467
Successfully changed project path to: E:/Git/Projetos/VPT_Challenge/DeliveryHouse
E:/Git/Projetos/VPT_Challenge/DeliveryHouse
[UnityMemory] Configuration Parameters - Can be set up in boot.config
    "memorysetup-bucket-allocator-granularity=16"
    "memorysetup-bucket-allocator-bucket-count=8"
    "memorysetup-bucket-allocator-block-size=33554432"
    "memorysetup-bucket-allocator-block-count=8"
    "memorysetup-main-allocator-block-size=16777216"
    "memorysetup-thread-allocator-block-size=16777216"
    "memorysetup-gfx-main-allocator-block-size=16777216"
    "memorysetup-gfx-thread-allocator-block-size=16777216"
    "memorysetup-cache-allocator-block-size=4194304"
    "memorysetup-typetree-allocator-block-size=2097152"
    "memorysetup-profiler-bucket-allocator-granularity=16"
    "memorysetup-profiler-bucket-allocator-bucket-count=8"
    "memorysetup-profiler-bucket-allocator-block-size=33554432"
    "memorysetup-profiler-bucket-allocator-block-count=8"
    "memorysetup-profiler-allocator-block-size=16777216"
    "memorysetup-profiler-editor-allocator-block-size=1048576"
    "memorysetup-temp-allocator-size-main=16777216"
    "memorysetup-job-temp-allocator-block-size=2097152"
    "memorysetup-job-temp-allocator-block-size-background=1048576"
    "memorysetup-job-temp-allocator-reduction-small-platforms=262144"
    "memorysetup-temp-allocator-size-background-worker=32768"
    "memorysetup-temp-allocator-size-job-worker=262144"
    "memorysetup-temp-allocator-size-preload-manager=33554432"
    "memorysetup-temp-allocator-size-nav-mesh-worker=65536"
    "memorysetup-temp-allocator-size-audio-worker=65536"
    "memorysetup-temp-allocator-size-cloud-worker=32768"
    "memorysetup-temp-allocator-size-gi-baking-worker=262144"
    "memorysetup-temp-allocator-size-gfx=262144"
Player connection [35184] Host "[IP] 192.168.15.12 [Port] 0 [Flags] 2 [Guid] 3886095163 [EditorId] 3886095163 [Version] 1048832 [Id] WindowsEditor(7,DESKTOP-H33AGGO) [Debug] 1 [PackageName] WindowsEditor [ProjectName] Editor" joined multi-casting on [225.0.0.222:54997]...

Player connection [35184] Host "[IP] 192.168.15.12 [Port] 0 [Flags] 2 [Guid] 3886095163 [EditorId] 3886095163 [Version] 1048832 [Id] WindowsEditor(7,DESKTOP-H33AGGO) [Debug] 1 [PackageName] WindowsEditor [ProjectName] Editor" joined alternative multi-casting on [225.0.0.222:34997]...

Refreshing native plugins compatible for Editor in 98.08 ms, found 4 plugins.
Preloading 0 native plugins for Editor in 0.00 ms.
Initialize engine version: 2021.3.15f1 (e8e88683f834)
[Subsystems] Discovering subsystems at path E:/Unity/2021.3.15f1/Editor/Data/Resources/UnitySubsystems
[Subsystems] Discovering subsystems at path E:/Git/Projetos/VPT_Challenge/DeliveryHouse/Assets
GfxDevice: creating device client; threaded=0; jobified=0
Direct3D:
    Version:  Direct3D 11.0 [level 11.1]
    Renderer: NVIDIA GeForce GTX 1070 (ID=0x1b81)
    Vendor:   NVIDIA
    VRAM:     8081 MB
    Driver:   31.0.15.3179
Initialize mono
Mono path[0] = 'E:/Unity/2021.3.15f1/Editor/Data/Managed'
Mono path[1] = 'E:/Unity/2021.3.15f1/Editor/Data/MonoBleedingEdge/lib/mono/unityjit-win32'
Mono config path = 'E:/Unity/2021.3.15f1/Editor/Data/MonoBleedingEdge/etc'
Using monoOptions --debugger-agent=transport=dt_socket,embedding=1,server=y,suspend=n,address=127.0.0.1:56128
Begin MonoManager ReloadAssembly
Registering precompiled unity dll's ...
Register platform support module: E:/Unity/2021.3.15f1/Editor/Data/PlaybackEngines/WebGLSupport/UnityEditor.WebGL.Extensions.dll
Register platform support module: E:/Unity/2021.3.15f1/Editor/Data/PlaybackEngines/AndroidPlayer/UnityEditor.Android.Extensions.dll
Register platform support module: E:/Unity/2021.3.15f1/Editor/Data/PlaybackEngines/WindowsStandaloneSupport/UnityEditor.WindowsStandalone.Extensions.dll
Registered in 0.002904 seconds.
Native extension for WindowsStandalone target not found
Native extension for Android target not found
Native extension for WebGL target not found
Refreshing native plugins compatible for Editor in 90.06 ms, found 4 plugins.
Preloading 0 native plugins for Editor in 0.00 ms.
Mono: successfully reloaded assembly
- Completed reload, in  0.555 seconds
Domain Reload Profiling:
	ReloadAssembly (555ms)
		BeginReloadAssembly (68ms)
			ExecutionOrderSort (0ms)
			DisableScriptedObjects (0ms)
			BackupInstance (0ms)
			ReleaseScriptingObjects (0ms)
			CreateAndSetChildDomain (1ms)
		EndReloadAssembly (403ms)
			LoadAssemblies (68ms)
			RebuildTransferFunctionScriptingTraits (0ms)
			SetupTypeCache (89ms)
			ReleaseScriptCaches (0ms)
			RebuildScriptCaches (26ms)
			SetupLoadedEditorAssemblies (247ms)
				LogAssemblyErrors (0ms)
				InitializePlatformSupportModulesInManaged (42ms)
				SetLoadedEditorAssemblies (0ms)
				RefreshPlugins (90ms)
				BeforeProcessingInitializeOnLoad (1ms)
				ProcessInitializeOnLoadAttributes (79ms)
				ProcessInitializeOnLoadMethodAttributes (35ms)
				AfterProcessingInitializeOnLoad (0ms)
				EditorAssembliesLoaded (0ms)
			ExecutionOrderSort2 (0ms)
			AwakeInstancesAfterBackupRestoration (0ms)
Platform modules already initialized, skipping
Registering precompiled user dll's ...
Registered in 0.005738 seconds.
Begin MonoManager ReloadAssembly
Symbol file LoadedFromMemory doesn't match image E:\Git\Projetos\VPT_Challenge\DeliveryHouse\Library\PackageCache\com.unity.visualscripting@1.7.8\Editor\VisualScripting.Core\Dependencies\YamlDotNet\Unity.VisualScripting.YamlDotNet.dll
Symbol file LoadedFromMemory doesn't match image E:\Git\Projetos\VPT_Challenge\DeliveryHouse\Library\PackageCache\com.unity.visualscripting@1.7.8\Editor\VisualScripting.Core\Dependencies\DotNetZip\Unity.VisualScripting.IonicZip.dll
Native extension for WindowsStandalone target not found
Native extension for Android target not found
Native extension for WebGL target not found
Refreshing native plugins compatible for Editor in 87.39 ms, found 4 plugins.
Preloading 0 native plugins for Editor in 0.00 ms.
Mono: successfully reloaded assembly
- Completed reload, in  1.166 seconds
Domain Reload Profiling:
	ReloadAssembly (1167ms)
		BeginReloadAssembly (201ms)
			ExecutionOrderSort (0ms)
			DisableScriptedObjects (5ms)
			BackupInstance (0ms)
			ReleaseScriptingObjects (0ms)
			CreateAndSetChildDomain (124ms)
		EndReloadAssembly (882ms)
			LoadAssemblies (84ms)
			RebuildTransferFunctionScriptingTraits (0ms)
			SetupTypeCache (223ms)
			ReleaseScriptCaches (1ms)
			RebuildScriptCaches (53ms)
			SetupLoadedEditorAssemblies (498ms)
				LogAssemblyErrors (0ms)
				InitializePlatformSupportModulesInManaged (10ms)
				SetLoadedEditorAssemblies (0ms)
				RefreshPlugins (87ms)
				BeforeProcessingInitializeOnLoad (88ms)
				ProcessInitializeOnLoadAttributes (278ms)
				ProcessInitializeOnLoadMethodAttributes (32ms)
				AfterProcessingInitializeOnLoad (2ms)
				EditorAssembliesLoaded (0ms)
			ExecutionOrderSort2 (0ms)
			AwakeInstancesAfterBackupRestoration (4ms)
Platform modules already initialized, skipping
========================================================================
Worker process is ready to serve import requests
Launched and connected shader compiler UnityShaderCompiler.exe after 0.04 seconds
Refreshing native plugins compatible for Editor in 0.96 ms, found 4 plugins.
Preloading 0 native plugins for Editor in 0.00 ms.
Unloading 4710 Unused Serialized files (Serialized files now loaded: 0)
Unloading 57 unused Assets / (184.5 KB). Loaded Objects now: 5168.
Memory consumption went from 178.8 MB to 178.6 MB.
Total: 3.177800 ms (FindLiveObjects: 0.282300 ms CreateObjectMapping: 0.113700 ms MarkObjects: 2.654000 ms  DeleteObjects: 0.125600 ms)

AssetImportParameters requested are different than current active one (requested -> active):
  custom:video-decoder-ogg-theora: a1e56fd34408186e4bbccfd4996cb3dc -> 
  custom:container-muxer-webm: aa71ff27fc2769a1b78a27578f13a17b -> 
  custom:container-demuxer-webm: 4f35f7cbe854078d1ac9338744f61a02 -> 
  custom:video-encoder-webm-vp8: eb34c28f22e8b96e1ab97ce403110664 -> 
  custom:audio-encoder-webm-vorbis: bf7c407c2cedff20999df2af8eb42d56 -> 
  custom:framework-win-MediaFoundation: 216162199b28c13a410421893ffa2e32 -> 
  custom:container-demuxer-ogg: 62fdf1f143b41e24485cea50d1cbac27 -> 
  custom:video-decoder-webm-vp8: 9c59270c3fd7afecdb556c50c9e8de78 -> 
  custom:audio-decoder-ogg-vorbis: bf7c407c2cedff20999df2af8eb42d56 -> 
========================================================================
Received Import Request.
  Time since last request: 17970.398347 seconds.
  path: Assets/Props/Kitchen/Kitchen Asset/Prefabs/Board.prefab
  artifactKey: Guid(da39b72aa18fa5e48b10d7ec95000d35) Importer(815301076,1909f56bfc062723c751e8b465ee728b)
Start importing Assets/Props/Kitchen/Kitchen Asset/Prefabs/Board.prefab using Guid(da39b72aa18fa5e48b10d7ec95000d35) Importer(815301076,1909f56bfc062723c751e8b465ee728b)  -> (artifact id: '240254d7859a9ee38d8c682f94b05bfe') in 0.054746 seconds 
========================================================================
Received Import Request.
  Time since last request: 0.000023 seconds.
  path: Assets/Props/Kitchen/Kitchen Asset/Prefabs/Pan.prefab
  artifactKey: Guid(12350bfc702bef44499bfd46c8dbb426) Importer(815301076,1909f56bfc062723c751e8b465ee728b)
Start importing Assets/Props/Kitchen/Kitchen Asset/Prefabs/Pan.prefab using Guid(12350bfc702bef44499bfd46c8dbb426) Importer(815301076,1909f56bfc062723c751e8b465ee728b)  -> (artifact id: '595e788082d49cde30c0449fdf2ec820') in 0.003107 seconds 
========================================================================
Received Import Request.
  Time since last request: 0.000044 seconds.
  path: Assets/Props/Kitchen/Kitchen Asset/Prefabs/Glass.prefab
  artifactKey: Guid(3d17997aaf2fc33409ffa2305a0d2dfa) Importer(815301076,1909f56bfc062723c751e8b465ee728b)
Start importing Assets/Props/Kitchen/Kitchen Asset/Prefabs/Glass.prefab using Guid(3d17997aaf2fc33409ffa2305a0d2dfa) Importer(815301076,1909f56bfc062723c751e8b465ee728b)  -> (artifact id: '51b31f4cfec8c12587a1f37399dd850e') in 0.003088 seconds 
========================================================================
Received Import Request.
  Time since last request: 0.000023 seconds.
  path: Assets/Props/Kitchen/Kitchen Asset/Prefabs/Knife2.prefab
  artifactKey: Guid(2a79468e213672b4984d41d9f26ab16a) Importer(815301076,1909f56bfc062723c751e8b465ee728b)
Start importing Assets/Props/Kitchen/Kitchen Asset/Prefabs/Knife2.prefab using Guid(2a79468e213672b4984d41d9f26ab16a) Importer(815301076,1909f56bfc062723c751e8b465ee728b)  -> (artifact id: '32caf7e9ac97a281786258dc8f80c2bf') in 0.003496 seconds 
========================================================================
Received Import Request.
  Time since last request: 30.379254 seconds.
  path: Assets/Props/Kitchen/kitchen props/textures/breakfast-bar_ao.tga
  artifactKey: Guid(f91a4cb6cb256ee4698f8a4af14a069e) Importer(815301076,1909f56bfc062723c751e8b465ee728b)
Start importing Assets/Props/Kitchen/kitchen props/textures/breakfast-bar_ao.tga using Guid(f91a4cb6cb256ee4698f8a4af14a069e) Importer(815301076,1909f56bfc062723c751e8b465ee728b)  -> (artifact id: 'fba1e308a43e1846f3f5e3d19c94e681') in 0.246165 seconds 
========================================================================
Received Import Request.
  Time since last request: 0.000029 seconds.
  path: Assets/Props/Kitchen/kitchen props/textures/counter_albedo.tga
  artifactKey: Guid(e51fa22f343ecdb40840d29ddcd50f96) Importer(815301076,1909f56bfc062723c751e8b465ee728b)
Start importing Assets/Props/Kitchen/kitchen props/textures/counter_albedo.tga using Guid(e51fa22f343ecdb40840d29ddcd50f96) Importer(815301076,1909f56bfc062723c751e8b465ee728b)  -> (artifact id: '643b1a52d58d584ea7e371d5c2845d9b') in 0.067324 seconds 
========================================================================
Received Import Request.
  Time since last request: 0.000029 seconds.
  path: Assets/Props/Kitchen/kitchen props/textures/coffee-cups_albedo.tga
  artifactKey: Guid(c6e005faf359871418568e46665f5b3a) Importer(815301076,1909f56bfc062723c751e8b465ee728b)
Start importing Assets/Props/Kitchen/kitchen props/textures/coffee-cups_albedo.tga using Guid(c6e005faf359871418568e46665f5b3a) Importer(815301076,1909f56bfc062723c751e8b465ee728b)  -> (artifact id: '5b878bd43fc0c82d0bfb31317cf5feb2') in 0.222335 seconds 
========================================================================
Received Import Request.
  Time since last request: 0.000023 seconds.
  path: Assets/Props/Kitchen/kitchen props/textures/dish-rack_ao.tga
  artifactKey: Guid(dfae329cca096684983ee6e7f8bec761) Importer(815301076,1909f56bfc062723c751e8b465ee728b)
Start importing Assets/Props/Kitchen/kitchen props/textures/dish-rack_ao.tga using Guid(dfae329cca096684983ee6e7f8bec761) Importer(815301076,1909f56bfc062723c751e8b465ee728b)  -> (artifact id: '66bf2e8737e65c1f78502dc18b3c081f') in 0.123983 seconds 
========================================================================
Received Import Request.
  Time since last request: 0.000025 seconds.
  path: Assets/Props/Kitchen/kitchen props/textures/plates-albedo-dirty.tga
  artifactKey: Guid(d3427f1ee2064b846aec623841dba6dc) Importer(815301076,1909f56bfc062723c751e8b465ee728b)
Start importing Assets/Props/Kitchen/kitchen props/textures/plates-albedo-dirty.tga using Guid(d3427f1ee2064b846aec623841dba6dc) Importer(815301076,1909f56bfc062723c751e8b465ee728b)  -> (artifact id: 'ba633ef9f2723593c902974075593cfa') in 0.117433 seconds 
========================================================================
Received Import Request.
  Time since last request: 0.000016 seconds.
  path: Assets/Props/Kitchen/kitchen props/textures/mug-normal.tga
  artifactKey: Guid(db1216cfa141bc049b1ce44010d094b1) Importer(815301076,1909f56bfc062723c751e8b465ee728b)
Start importing Assets/Props/Kitchen/kitchen props/textures/mug-normal.tga using Guid(db1216cfa141bc049b1ce44010d094b1) Importer(815301076,1909f56bfc062723c751e8b465ee728b)  -> (artifact id: '2f57e163cf6818a65ec1a542e05e5807') in 0.221938 seconds 
========================================================================
Received Import Request.
  Time since last request: 0.000024 seconds.
  path: Assets/Props/Kitchen/kitchen props/textures/china-plate_metal.tga
  artifactKey: Guid(949698010af23604db2d66a9aa46df35) Importer(815301076,1909f56bfc062723c751e8b465ee728b)
Start importing Assets/Props/Kitchen/kitchen props/textures/china-plate_metal.tga using Guid(949698010af23604db2d66a9aa46df35) Importer(815301076,1909f56bfc062723c751e8b465ee728b)  -> (artifact id: '588f0fc16b766a47d34ece2ceed12770') in 0.182707 seconds 
========================================================================
Received Import Request.
  Time since last request: 0.000040 seconds.
  path: Assets/Props/Kitchen/kitchen props/textures/toaster_albedo.tga
  artifactKey: Guid(dc4265a06c937d74a8bc0a84d9371645) Importer(815301076,1909f56bfc062723c751e8b465ee728b)
Start importing Assets/Props/Kitchen/kitchen props/textures/toaster_albedo.tga using Guid(dc4265a06c937d74a8bc0a84d9371645) Importer(815301076,1909f56bfc062723c751e8b465ee728b)  -> (artifact id: 'eff32fecfc3236ace2d3d669602bf2fd') in 0.481815 seconds 
========================================================================
Received Import Request.
  Time since last request: 0.000025 seconds.
  path: Assets/Props/Kitchen/kitchen props/textures/toaster_normal.tga
  artifactKey: Guid(26a67d90132879247b5bee0804060c32) Importer(815301076,1909f56bfc062723c751e8b465ee728b)
Start importing Assets/Props/Kitchen/kitchen props/textures/toaster_normal.tga using Guid(26a67d90132879247b5bee0804060c32) Importer(815301076,1909f56bfc062723c751e8b465ee728b)  -> (artifact id: 'b7ef14f439b86dfbba281c34639907b8') in 0.678618 seconds 
========================================================================
Received Import Request.
  Time since last request: 0.000038 seconds.
  path: Assets/Props/Kitchen/kitchen props/textures/coffee-cups_metal.tga
  artifactKey: Guid(b891e16690447314da461703edb98573) Importer(815301076,1909f56bfc062723c751e8b465ee728b)
Start importing Assets/Props/Kitchen/kitchen props/textures/coffee-cups_metal.tga using Guid(b891e16690447314da461703edb98573) Importer(815301076,1909f56bfc062723c751e8b465ee728b)  -> (artifact id: '0781db9db05f97b21ba9a5b359c17963') in 0.358303 seconds 
========================================================================
Received Import Request.
  Time since last request: 39.249728 seconds.
  path: Assets/Props/Kitchen/kitchen props/materials/china-plate.mat
  artifactKey: Guid(ef66d3256f1c3f641a845f9c1968dc13) Importer(815301076,1909f56bfc062723c751e8b465ee728b)
Start importing Assets/Props/Kitchen/kitchen props/materials/china-plate.mat using Guid(ef66d3256f1c3f641a845f9c1968dc13) Importer(815301076,1909f56bfc062723c751e8b465ee728b)  -> (artifact id: 'cf63dd6cc267d8573cd90d05f23985f8') in 0.072351 seconds 
========================================================================
Received Import Request.
  Time since last request: 0.000021 seconds.
  path: Assets/Props/Kitchen/kitchen props/materials/knives.mat
  artifactKey: Guid(b27f687fc7f53a64d83610085bd6035b) Importer(815301076,1909f56bfc062723c751e8b465ee728b)
Start importing Assets/Props/Kitchen/kitchen props/materials/knives.mat using Guid(b27f687fc7f53a64d83610085bd6035b) Importer(815301076,1909f56bfc062723c751e8b465ee728b)  -> (artifact id: '77a6ce149f2aadebf01751dba541df21') in 0.039280 seconds 
========================================================================
Received Import Request.
  Time since last request: 0.000026 seconds.
  path: Assets/Props/Kitchen/kitchen props/materials/drainer.mat
  artifactKey: Guid(54e920447cfb1e54889e79e9fb4b896f) Importer(815301076,1909f56bfc062723c751e8b465ee728b)
Start importing Assets/Props/Kitchen/kitchen props/materials/drainer.mat using Guid(54e920447cfb1e54889e79e9fb4b896f) Importer(815301076,1909f56bfc062723c751e8b465ee728b)  -> (artifact id: '8a9e40c50e617ee3bc9ab889e617dfdf') in 0.026174 seconds 
========================================================================
Received Import Request.
  Time since last request: 66.740315 seconds.
  path: Assets/Scenes/Gameplay.unity
  artifactKey: Guid(b82b3291a971d4ef89a55d6a2e676b7a) Importer(815301076,1909f56bfc062723c751e8b465ee728b)
Start importing Assets/Scenes/Gameplay.unity using Guid(b82b3291a971d4ef89a55d6a2e676b7a) Importer(815301076,1909f56bfc062723c751e8b465ee728b)  -> (artifact id: 'f90e74036cd9df6e1f69cc3e3cb242a4') in 0.001816 seconds 
========================================================================
Received Import Request.
  Time since last request: 17.047425 seconds.
  path: Assets/Props/Kitchen/Package04_Free_Kitchen/FreeKitchen/Materials
  artifactKey: Guid(f7a2731b036224e969e4d872d30284b5) Importer(815301076,1909f56bfc062723c751e8b465ee728b)
Start importing Assets/Props/Kitchen/Package04_Free_Kitchen/FreeKitchen/Materials using Guid(f7a2731b036224e969e4d872d30284b5) Importer(815301076,1909f56bfc062723c751e8b465ee728b)  -> (artifact id: '824b2681e5a94f156778cc525ddc8fe9') in 0.007170 seconds 
========================================================================
Received Import Request.
  Time since last request: 1.829698 seconds.
  path: Assets/Props/Kitchen/Package04_Free_Kitchen/FreeKitchen/Materials/Version01
  artifactKey: Guid(427deb32e3da34b548c7f33215f44528) Importer(815301076,1909f56bfc062723c751e8b465ee728b)
Start importing Assets/Props/Kitchen/Package04_Free_Kitchen/FreeKitchen/Materials/Version01 using Guid(427deb32e3da34b548c7f33215f44528) Importer(815301076,1909f56bfc062723c751e8b465ee728b)  -> (artifact id: '86f94e5aa146642b90cd87d9bbe14d52') in 0.008075 seconds 
========================================================================
Received Import Request.
  Time since last request: 10.132036 seconds.
  path: Assets/Props/Kitchen/Package04_Free_Kitchen/FreeKitchen/Models/FreeBowl01.fbx
  artifactKey: Guid(8f04299fce5804de899d83d33b03de23) Importer(815301076,1909f56bfc062723c751e8b465ee728b)
Start importing Assets/Props/Kitchen/Package04_Free_Kitchen/FreeKitchen/Models/FreeBowl01.fbx using Guid(8f04299fce5804de899d83d33b03de23) Importer(815301076,1909f56bfc062723c751e8b465ee728b)  -> (artifact id: 'b031cf11ebac3dd81ce2b35c2c34be33') in 0.053947 seconds 
========================================================================
Received Import Request.
  Time since last request: 0.000031 seconds.
  path: Assets/Props/Kitchen/Package04_Free_Kitchen/FreeKitchen/Models/FreeChair.fbx
  artifactKey: Guid(2f0698271348440e3b2e5827abb32eec) Importer(815301076,1909f56bfc062723c751e8b465ee728b)
Start importing Assets/Props/Kitchen/Package04_Free_Kitchen/FreeKitchen/Models/FreeChair.fbx using Guid(2f0698271348440e3b2e5827abb32eec) Importer(815301076,1909f56bfc062723c751e8b465ee728b)  -> (artifact id: '10959a8b4c0e2755cc9a404064319b16') in 0.025231 seconds 
========================================================================
Received Import Request.
  Time since last request: 0.000034 seconds.
  path: Assets/Props/Kitchen/Package04_Free_Kitchen/FreeKitchen/Models/FreeStove.fbx
  artifactKey: Guid(37b9e3ececa8e40bdb666179779b2ba2) Importer(815301076,1909f56bfc062723c751e8b465ee728b)
Start importing Assets/Props/Kitchen/Package04_Free_Kitchen/FreeKitchen/Models/FreeStove.fbx using Guid(37b9e3ececa8e40bdb666179779b2ba2) Importer(815301076,1909f56bfc062723c751e8b465ee728b)  -> (artifact id: '57b8edc41bd4a52dccff45a63f6f2ee2') in 0.035643 seconds 
========================================================================
Received Import Request.
  Time since last request: 0.000024 seconds.
  path: Assets/Props/Kitchen/Package04_Free_Kitchen/FreeKitchen/Models/FreePepperShaker.fbx
  artifactKey: Guid(e3af1426604bc4658ad1bf97b58573d8) Importer(815301076,1909f56bfc062723c751e8b465ee728b)
Start importing Assets/Props/Kitchen/Package04_Free_Kitchen/FreeKitchen/Models/FreePepperShaker.fbx using Guid(e3af1426604bc4658ad1bf97b58573d8) Importer(815301076,1909f56bfc062723c751e8b465ee728b)  -> (artifact id: '67633bf8f60668f4b2362c1bbc4abcee') in 0.034366 seconds 
========================================================================
Received Import Request.
  Time since last request: 0.000021 seconds.
  path: Assets/Props/Kitchen/Package04_Free_Kitchen/FreeKitchen/Models/FreeSpatula02.fbx
  artifactKey: Guid(a247d2de4e8ff417bb4477b110339452) Importer(815301076,1909f56bfc062723c751e8b465ee728b)
Start importing Assets/Props/Kitchen/Package04_Free_Kitchen/FreeKitchen/Models/FreeSpatula02.fbx using Guid(a247d2de4e8ff417bb4477b110339452) Importer(815301076,1909f56bfc062723c751e8b465ee728b)  -> (artifact id: '31be3648309550c205a8053d1b349083') in 0.026529 seconds 
========================================================================
Received Import Request.
  Time since last request: 0.000020 seconds.
  path: Assets/Props/Kitchen/Package04_Free_Kitchen/FreeKitchen/Models/FreeMirkowave.fbx
  artifactKey: Guid(b8ebfe305189541c599cfac2c3f6ee68) Importer(815301076,1909f56bfc062723c751e8b465ee728b)
Start importing Assets/Props/Kitchen/Package04_Free_Kitchen/FreeKitchen/Models/FreeMirkowave.fbx using Guid(b8ebfe305189541c599cfac2c3f6ee68) Importer(815301076,1909f56bfc062723c751e8b465ee728b)  -> (artifact id: 'fc89bbf2a87944c6e6e26da21099b17a') in 0.050249 seconds 
========================================================================
Received Import Request.
  Time since last request: 0.000022 seconds.
  path: Assets/Props/Kitchen/Package04_Free_Kitchen/FreeKitchen/Models/FreeSpatula01.fbx
  artifactKey: Guid(16128ced3944249c992ef2795398ca3a) Importer(815301076,1909f56bfc062723c751e8b465ee728b)
Start importing Assets/Props/Kitchen/Package04_Free_Kitchen/FreeKitchen/Models/FreeSpatula01.fbx using Guid(16128ced3944249c992ef2795398ca3a) Importer(815301076,1909f56bfc062723c751e8b465ee728b)  -> (artifact id: '30e1546687d23de376a37730284eab6a') in 0.015444 seconds 
========================================================================
Received Import Request.
  Time since last request: 0.000027 seconds.
  path: Assets/Props/Kitchen/Package04_Free_Kitchen/FreeKitchen/Models/FreeSpatula03.fbx
  artifactKey: Guid(6d5a0e8dc92984c4e93c7a59dbc69297) Importer(815301076,1909f56bfc062723c751e8b465ee728b)
Start importing Assets/Props/Kitchen/Package04_Free_Kitchen/FreeKitchen/Models/FreeSpatula03.fbx using Guid(6d5a0e8dc92984c4e93c7a59dbc69297) Importer(815301076,1909f56bfc062723c751e8b465ee728b)  -> (artifact id: '4cdca6e98774fdb88f57becd3ed5b19e') in 0.019294 seconds 
========================================================================
Received Import Request.
  Time since last request: 0.000024 seconds.
  path: Assets/Props/Kitchen/Package04_Free_Kitchen/FreeKitchen/Models/FreeCarpet.fbx
  artifactKey: Guid(4dfa891e474b549bbb7e88914a5713e6) Importer(815301076,1909f56bfc062723c751e8b465ee728b)
Start importing Assets/Props/Kitchen/Package04_Free_Kitchen/FreeKitchen/Models/FreeCarpet.fbx using Guid(4dfa891e474b549bbb7e88914a5713e6) Importer(815301076,1909f56bfc062723c751e8b465ee728b)  -> (artifact id: '7985b3a4bf25f3b2354482a5d9a15bbe') in 0.014154 seconds 
========================================================================
Received Import Request.
  Time since last request: 0.000027 seconds.
  path: Assets/Props/Kitchen/Package04_Free_Kitchen/FreeKitchen/Models/FreePotBig.fbx
  artifactKey: Guid(acce37bfef401453e92444b207aaeb59) Importer(815301076,1909f56bfc062723c751e8b465ee728b)
Start importing Assets/Props/Kitchen/Package04_Free_Kitchen/FreeKitchen/Models/FreePotBig.fbx using Guid(acce37bfef401453e92444b207aaeb59) Importer(815301076,1909f56bfc062723c751e8b465ee728b)  -> (artifact id: '6a119c41989742a4c7af06363ad4c969') in 0.023198 seconds 
========================================================================
Received Import Request.
  Time since last request: 0.000021 seconds.
  path: Assets/Props/Kitchen/Package04_Free_Kitchen/FreeKitchen/Models/FreeCabinet03_DrawerBig.fbx
  artifactKey: Guid(d1c98a9ae66fa4a35818bf0bdc74e7eb) Importer(815301076,1909f56bfc062723c751e8b465ee728b)
Start importing Assets/Props/Kitchen/Package04_Free_Kitchen/FreeKitchen/Models/FreeCabinet03_DrawerBig.fbx using Guid(d1c98a9ae66fa4a35818bf0bdc74e7eb) Importer(815301076,1909f56bfc062723c751e8b465ee728b)  -> (artifact id: '2c36799e64dbb74e44ca0246af245e57') in 0.015991 seconds 
========================================================================
Received Import Request.
  Time since last request: 0.000022 seconds.
  path: Assets/Props/Kitchen/Package04_Free_Kitchen/FreeKitchen/Models/FreeCabinet01_DoorRight.fbx
  artifactKey: Guid(9539b6d6956c84ce9aa440302716cc1f) Importer(815301076,1909f56bfc062723c751e8b465ee728b)
Start importing Assets/Props/Kitchen/Package04_Free_Kitchen/FreeKitchen/Models/FreeCabinet01_DoorRight.fbx using Guid(9539b6d6956c84ce9aa440302716cc1f) Importer(815301076,1909f56bfc062723c751e8b465ee728b)  -> (artifact id: '243c4eacc64551fa372a9833aef594e9') in 0.015616 seconds 
========================================================================
Received Import Request.
  Time since last request: 0.000018 seconds.
  path: Assets/Props/Kitchen/Package04_Free_Kitchen/FreeKitchen/Models/FreePotSmall.fbx
  artifactKey: Guid(3e4f1f36d48bc48bf9375ae3198a0f86) Importer(815301076,1909f56bfc062723c751e8b465ee728b)
Start importing Assets/Props/Kitchen/Package04_Free_Kitchen/FreeKitchen/Models/FreePotSmall.fbx using Guid(3e4f1f36d48bc48bf9375ae3198a0f86) Importer(815301076,1909f56bfc062723c751e8b465ee728b)  -> (artifact id: '56f5d142e8d83da03f792347db266074') in 0.014204 seconds 
========================================================================
Received Import Request.
  Time since last request: 0.000017 seconds.
  path: Assets/Props/Kitchen/Package04_Free_Kitchen/FreeKitchen/Models/FreeCup.fbx
  artifactKey: Guid(e4d59ee7dc3c14991819cb18722aa122) Importer(815301076,1909f56bfc062723c751e8b465ee728b)
Start importing Assets/Props/Kitchen/Package04_Free_Kitchen/FreeKitchen/Models/FreeCup.fbx using Guid(e4d59ee7dc3c14991819cb18722aa122) Importer(815301076,1909f56bfc062723c751e8b465ee728b)  -> (artifact id: '95d0d5b4f4c2a6b6c3e9e41266bbe329') in 0.013173 seconds 
========================================================================
Received Import Request.
  Time since last request: 0.000022 seconds.
  path: Assets/Props/Kitchen/Package04_Free_Kitchen/FreeKitchen/Models/FreeCabinet03.fbx
  artifactKey: Guid(965726bb3b2db4202a03b91e27528d39) Importer(815301076,1909f56bfc062723c751e8b465ee728b)
Start importing Assets/Props/Kitchen/Package04_Free_Kitchen/FreeKitchen/Models/FreeCabinet03.fbx using Guid(965726bb3b2db4202a03b91e27528d39) Importer(815301076,1909f56bfc062723c751e8b465ee728b)  -> (artifact id: '2336c5d8401ab65c14ac6604ca768339') in 0.015161 seconds 
========================================================================
Received Import Request.
  Time since last request: 0.000022 seconds.
  path: Assets/Props/Kitchen/Package04_Free_Kitchen/FreeKitchen/Models/FreeLamp.fbx
  artifactKey: Guid(dfa479f5f208b4bb4ae3ecf2345b1710) Importer(815301076,1909f56bfc062723c751e8b465ee728b)
Start importing Assets/Props/Kitchen/Package04_Free_Kitchen/FreeKitchen/Models/FreeLamp.fbx using Guid(dfa479f5f208b4bb4ae3ecf2345b1710) Importer(815301076,1909f56bfc062723c751e8b465ee728b)  -> (artifact id: '40f568e7612d8a3856d9344b40a314db') in 0.016964 seconds 
========================================================================
Received Import Request.
  Time since last request: 0.000021 seconds.
  path: Assets/Props/Kitchen/Package04_Free_Kitchen/FreeKitchen/Models/FreeSaltShaker.fbx
  artifactKey: Guid(767732067732c4984919920f17e43be6) Importer(815301076,1909f56bfc062723c751e8b465ee728b)
Start importing Assets/Props/Kitchen/Package04_Free_Kitchen/FreeKitchen/Models/FreeSaltShaker.fbx using Guid(767732067732c4984919920f17e43be6) Importer(815301076,1909f56bfc062723c751e8b465ee728b)  -> (artifact id: 'b29ec37e946514b6057aaa0739a2644d') in 0.016172 seconds 
========================================================================
Received Import Request.
  Time since last request: 0.000022 seconds.
  path: Assets/Props/Kitchen/Package04_Free_Kitchen/FreeKitchen/Models/FreeCup02.fbx
  artifactKey: Guid(02bdf42aac25342d88e59b946aed3b31) Importer(815301076,1909f56bfc062723c751e8b465ee728b)
Start importing Assets/Props/Kitchen/Package04_Free_Kitchen/FreeKitchen/Models/FreeCup02.fbx using Guid(02bdf42aac25342d88e59b946aed3b31) Importer(815301076,1909f56bfc062723c751e8b465ee728b)  -> (artifact id: '5458fc7524ab00acb55f6e60fabe7418') in 0.019110 seconds 
========================================================================
Received Import Request.
  Time since last request: 0.000018 seconds.
  path: Assets/Props/Kitchen/Package04_Free_Kitchen/FreeKitchen/Models/FreeCabinet02_DrawerSmall.fbx
  artifactKey: Guid(ac039d90cb5844685919504da1ddf727) Importer(815301076,1909f56bfc062723c751e8b465ee728b)
Start importing Assets/Props/Kitchen/Package04_Free_Kitchen/FreeKitchen/Models/FreeCabinet02_DrawerSmall.fbx using Guid(ac039d90cb5844685919504da1ddf727) Importer(815301076,1909f56bfc062723c751e8b465ee728b)  -> (artifact id: 'ce7d9d31e75a658afcad101af66dc60d') in 0.013553 seconds 
========================================================================
Received Import Request.
  Time since last request: 0.000031 seconds.
  path: Assets/Props/Kitchen/Package04_Free_Kitchen/FreeKitchen/Models/FreeSpoon.fbx
  artifactKey: Guid(ebf25730584934c188355eb62ca72e7b) Importer(815301076,1909f56bfc062723c751e8b465ee728b)
Start importing Assets/Props/Kitchen/Package04_Free_Kitchen/FreeKitchen/Models/FreeSpoon.fbx using Guid(ebf25730584934c188355eb62ca72e7b) Importer(815301076,1909f56bfc062723c751e8b465ee728b)  -> (artifact id: 'd6e4c82f4cf44f4ec7a6a89976d3c085') in 0.016399 seconds 
========================================================================
Received Import Request.
  Time since last request: 0.000046 seconds.
  path: Assets/Props/Kitchen/Package04_Free_Kitchen/FreeKitchen/Models/FreeCabinet01_DoorLeft.fbx
  artifactKey: Guid(665d38aa7cbdb44158a5b4b71567bb13) Importer(815301076,1909f56bfc062723c751e8b465ee728b)
Start importing Assets/Props/Kitchen/Package04_Free_Kitchen/FreeKitchen/Models/FreeCabinet01_DoorLeft.fbx using Guid(665d38aa7cbdb44158a5b4b71567bb13) Importer(815301076,1909f56bfc062723c751e8b465ee728b)  -> (artifact id: '9b2d51d3c981719a18b1622e252f0e86') in 0.016606 seconds 
========================================================================
Received Import Request.
  Time since last request: 1.663887 seconds.
  path: Assets/Props/Kitchen/Package04_Free_Kitchen/FreeKitchen/Models/FreeTable.fbx
  artifactKey: Guid(9040cbe13a7804fc488052de53602ff8) Importer(815301076,1909f56bfc062723c751e8b465ee728b)
Start importing Assets/Props/Kitchen/Package04_Free_Kitchen/FreeKitchen/Models/FreeTable.fbx using Guid(9040cbe13a7804fc488052de53602ff8) Importer(815301076,1909f56bfc062723c751e8b465ee728b)  -> (artifact id: '158b02f2b46ac4e2993f789f0ac08047') in 0.014383 seconds 
========================================================================
Received Import Request.
  Time since last request: 23.737466 seconds.
  path: Assets/Props/Kitchen/Package04_Free_Kitchen/FreeKitchen/Prefabs/Version01/Cabinet02WithEquipment.prefab
  artifactKey: Guid(c7967d1cea93a4ab18391a421dc86336) Importer(815301076,1909f56bfc062723c751e8b465ee728b)
Start importing Assets/Props/Kitchen/Package04_Free_Kitchen/FreeKitchen/Prefabs/Version01/Cabinet02WithEquipment.prefab using Guid(c7967d1cea93a4ab18391a421dc86336) Importer(815301076,1909f56bfc062723c751e8b465ee728b)  -> (artifact id: '9b504e1b046c9e3b75dc5a4b0cb5ae96') in 0.055381 seconds 
========================================================================
Received Import Request.
  Time since last request: 0.000029 seconds.
  path: Assets/Props/Kitchen/Package04_Free_Kitchen/FreeKitchen/Prefabs/Version01/FreePepperShaker.prefab
  artifactKey: Guid(02570cdf1b8574e8e80ed319ae337872) Importer(815301076,1909f56bfc062723c751e8b465ee728b)
Start importing Assets/Props/Kitchen/Package04_Free_Kitchen/FreeKitchen/Prefabs/Version01/FreePepperShaker.prefab using Guid(02570cdf1b8574e8e80ed319ae337872) Importer(815301076,1909f56bfc062723c751e8b465ee728b)  -> (artifact id: 'e2f74e31c4317dbf17bc1e66d4b8e401') in 0.013758 seconds 
========================================================================
Received Import Request.
  Time since last request: 0.000030 seconds.
  path: Assets/Props/Kitchen/Package04_Free_Kitchen/FreeKitchen/Prefabs/Version01/FreeCabinet01_DoorRight.prefab
  artifactKey: Guid(c05978aee78c54b47bda1138481145be) Importer(815301076,1909f56bfc062723c751e8b465ee728b)
Start importing Assets/Props/Kitchen/Package04_Free_Kitchen/FreeKitchen/Prefabs/Version01/FreeCabinet01_DoorRight.prefab using Guid(c05978aee78c54b47bda1138481145be) Importer(815301076,1909f56bfc062723c751e8b465ee728b)  -> (artifact id: 'a1bc926534e2202a27f0be3a619b722a') in 0.013987 seconds 
========================================================================
Received Import Request.
  Time since last request: 0.000022 seconds.
  path: Assets/Props/Kitchen/Package04_Free_Kitchen/FreeKitchen/Prefabs/Version01/FreeLampPart.prefab
  artifactKey: Guid(718fddb8ad2c843218bcc12cbfac939c) Importer(815301076,1909f56bfc062723c751e8b465ee728b)
Start importing Assets/Props/Kitchen/Package04_Free_Kitchen/FreeKitchen/Prefabs/Version01/FreeLampPart.prefab using Guid(718fddb8ad2c843218bcc12cbfac939c) Importer(815301076,1909f56bfc062723c751e8b465ee728b)  -> (artifact id: '44397bcb5eaf6dbab0592359ae1716ee') in 0.011843 seconds 
========================================================================
Received Import Request.
  Time since last request: 0.000022 seconds.
  path: Assets/Props/Kitchen/Package04_Free_Kitchen/FreeKitchen/Prefabs/Version01/FreeSpatula02.prefab
  artifactKey: Guid(81d4cf981e0fc45f98d536078b705c26) Importer(815301076,1909f56bfc062723c751e8b465ee728b)
Start importing Assets/Props/Kitchen/Package04_Free_Kitchen/FreeKitchen/Prefabs/Version01/FreeSpatula02.prefab using Guid(81d4cf981e0fc45f98d536078b705c26) Importer(815301076,1909f56bfc062723c751e8b465ee728b)  -> (artifact id: '2bdd683faab4409d07c1e60a9a6d0e5c') in 0.013686 seconds 
========================================================================
Received Import Request.
  Time since last request: 0.000023 seconds.
  path: Assets/Props/Kitchen/Package04_Free_Kitchen/FreeKitchen/Prefabs/Version01/FreeCabinet02_DrawerSmall.prefab
  artifactKey: Guid(01c1649a861864384aa164a54d5e22f6) Importer(815301076,1909f56bfc062723c751e8b465ee728b)
Start importing Assets/Props/Kitchen/Package04_Free_Kitchen/FreeKitchen/Prefabs/Version01/FreeCabinet02_DrawerSmall.prefab using Guid(01c1649a861864384aa164a54d5e22f6) Importer(815301076,1909f56bfc062723c751e8b465ee728b)  -> (artifact id: 'ad0a34d565011dbcd5a9f789e1fa79a5') in 0.011890 seconds 
========================================================================
Received Import Request.
  Time since last request: 0.000020 seconds.
  path: Assets/Props/Kitchen/Package04_Free_Kitchen/FreeKitchen/Prefabs/Version01/FreeCoffeeMaker.prefab
  artifactKey: Guid(ac1e2f579e2e5408e9f4bf42f8d68867) Importer(815301076,1909f56bfc062723c751e8b465ee728b)
Start importing Assets/Props/Kitchen/Package04_Free_Kitchen/FreeKitchen/Prefabs/Version01/FreeCoffeeMaker.prefab using Guid(ac1e2f579e2e5408e9f4bf42f8d68867) Importer(815301076,1909f56bfc062723c751e8b465ee728b)  -> (artifact id: '11d5e17875025da5649cdc774c962fd9') in 0.010925 seconds 
========================================================================
Received Import Request.
  Time since last request: 0.000025 seconds.
  path: Assets/Props/Kitchen/Package04_Free_Kitchen/FreeKitchen/Prefabs/Version01/FreeCabinet01.prefab
  artifactKey: Guid(354b0d9c827f64fe8bad65aee9c06c4b) Importer(815301076,1909f56bfc062723c751e8b465ee728b)
Start importing Assets/Props/Kitchen/Package04_Free_Kitchen/FreeKitchen/Prefabs/Version01/FreeCabinet01.prefab using Guid(354b0d9c827f64fe8bad65aee9c06c4b) Importer(815301076,1909f56bfc062723c751e8b465ee728b)  -> (artifact id: 'b6aef3bf8467933962d2fd17ab3c99a4') in 0.011465 seconds 
========================================================================
Received Import Request.
  Time since last request: 0.000030 seconds.
  path: Assets/Props/Kitchen/Package04_Free_Kitchen/FreeKitchen/Prefabs/Version01/FreeSpatula01.prefab
  artifactKey: Guid(6f89089977f2f4a7686305ac9e170827) Importer(815301076,1909f56bfc062723c751e8b465ee728b)
Start importing Assets/Props/Kitchen/Package04_Free_Kitchen/FreeKitchen/Prefabs/Version01/FreeSpatula01.prefab using Guid(6f89089977f2f4a7686305ac9e170827) Importer(815301076,1909f56bfc062723c751e8b465ee728b)  -> (artifact id: '5df7bb6a504da7eda21b1f6fd60e3d62') in 0.009882 seconds 
========================================================================
Received Import Request.
  Time since last request: 4.166844 seconds.
  path: Assets/Props/Kitchen/Package04_Free_Kitchen/FreeKitchen/Prefabs/Version02/Cabinet02WithEquipment.prefab
  artifactKey: Guid(d893035dcedac4979a71576df53f9dd8) Importer(815301076,1909f56bfc062723c751e8b465ee728b)
Start importing Assets/Props/Kitchen/Package04_Free_Kitchen/FreeKitchen/Prefabs/Version02/Cabinet02WithEquipment.prefab using Guid(d893035dcedac4979a71576df53f9dd8) Importer(815301076,1909f56bfc062723c751e8b465ee728b)  -> (artifact id: '42d13e4f150e46958615c91da4155214') in 0.050778 seconds 
========================================================================
Received Import Request.
  Time since last request: 0.000021 seconds.
  path: Assets/Props/Kitchen/Package04_Free_Kitchen/FreeKitchen/Prefabs/Version02/FreeBowl02.prefab
  artifactKey: Guid(37a684543466346ddad0629d23c32189) Importer(815301076,1909f56bfc062723c751e8b465ee728b)
Start importing Assets/Props/Kitchen/Package04_Free_Kitchen/FreeKitchen/Prefabs/Version02/FreeBowl02.prefab using Guid(37a684543466346ddad0629d23c32189) Importer(815301076,1909f56bfc062723c751e8b465ee728b)  -> (artifact id: '4306c1e6e817958ac5e682dda0ecb169') in 0.009000 seconds 
========================================================================
Received Import Request.
  Time since last request: 0.000019 seconds.
  path: Assets/Props/Kitchen/Package04_Free_Kitchen/FreeKitchen/Prefabs/Version02/FreeCabinet02_DrawerSmall.prefab
  artifactKey: Guid(04a7d5ccad5a04af580fcc157ac54f45) Importer(815301076,1909f56bfc062723c751e8b465ee728b)
Start importing Assets/Props/Kitchen/Package04_Free_Kitchen/FreeKitchen/Prefabs/Version02/FreeCabinet02_DrawerSmall.prefab using Guid(04a7d5ccad5a04af580fcc157ac54f45) Importer(815301076,1909f56bfc062723c751e8b465ee728b)  -> (artifact id: '7d249f340dc47c7535a081575f727a79') in 0.009933 seconds 
========================================================================
Received Import Request.
  Time since last request: 0.000029 seconds.
  path: Assets/Props/Kitchen/Package04_Free_Kitchen/FreeKitchen/Prefabs/Version02/FreeCarpet.prefab
  artifactKey: Guid(d8c9f5958f08e4314bc2a13e2711ce45) Importer(815301076,1909f56bfc062723c751e8b465ee728b)
Start importing Assets/Props/Kitchen/Package04_Free_Kitchen/FreeKitchen/Prefabs/Version02/FreeCarpet.prefab using Guid(d8c9f5958f08e4314bc2a13e2711ce45) Importer(815301076,1909f56bfc062723c751e8b465ee728b)  -> (artifact id: '50a34c80512928cff3da854f5fb20220') in 0.010003 seconds 
========================================================================
Received Import Request.
  Time since last request: 0.000026 seconds.
  path: Assets/Props/Kitchen/Package04_Free_Kitchen/FreeKitchen/Prefabs/Version02/FreePotSmall.prefab
  artifactKey: Guid(6f89576732e5744ae89cf5fea5d03780) Importer(815301076,1909f56bfc062723c751e8b465ee728b)
Start importing Assets/Props/Kitchen/Package04_Free_Kitchen/FreeKitchen/Prefabs/Version02/FreePotSmall.prefab using Guid(6f89576732e5744ae89cf5fea5d03780) Importer(815301076,1909f56bfc062723c751e8b465ee728b)  -> (artifact id: '6465edbe2e6073594b349fc4005e6fbc') in 0.009541 seconds 
========================================================================
Received Import Request.
  Time since last request: 0.000037 seconds.
  path: Assets/Props/Kitchen/Package04_Free_Kitchen/FreeKitchen/Prefabs/Version02/FreeSaltShaker.prefab
  artifactKey: Guid(ab8f00381e0414a4cbbe04bcfc5e165b) Importer(815301076,1909f56bfc062723c751e8b465ee728b)
Start importing Assets/Props/Kitchen/Package04_Free_Kitchen/FreeKitchen/Prefabs/Version02/FreeSaltShaker.prefab using Guid(ab8f00381e0414a4cbbe04bcfc5e165b) Importer(815301076,1909f56bfc062723c751e8b465ee728b)  -> (artifact id: 'fb1e64c3499640f0e53e1468fe54e6ba') in 0.012415 seconds 
========================================================================
Received Import Request.
  Time since last request: 0.000020 seconds.
  path: Assets/Props/Kitchen/Package04_Free_Kitchen/FreeKitchen/Prefabs/Version02/FreeSpatula02.prefab
  artifactKey: Guid(7fc0976b465904e57a159c47a75dd051) Importer(815301076,1909f56bfc062723c751e8b465ee728b)
Start importing Assets/Props/Kitchen/Package04_Free_Kitchen/FreeKitchen/Prefabs/Version02/FreeSpatula02.prefab using Guid(7fc0976b465904e57a159c47a75dd051) Importer(815301076,1909f56bfc062723c751e8b465ee728b)  -> (artifact id: '90686ea92dec0f31f7beb04f9670f974') in 0.010953 seconds 
========================================================================
Received Import Request.
  Time since last request: 0.000028 seconds.
  path: Assets/Props/Kitchen/Package04_Free_Kitchen/FreeKitchen/Prefabs/Version02/FreeLampPart.prefab
  artifactKey: Guid(80ecaebe26d0a4d1e9dca4b7b6956d5c) Importer(815301076,1909f56bfc062723c751e8b465ee728b)
Start importing Assets/Props/Kitchen/Package04_Free_Kitchen/FreeKitchen/Prefabs/Version02/FreeLampPart.prefab using Guid(80ecaebe26d0a4d1e9dca4b7b6956d5c) Importer(815301076,1909f56bfc062723c751e8b465ee728b)  -> (artifact id: '3d4c6f79fb03a9867a1322291fc679f5') in 0.011548 seconds 
========================================================================
Received Import Request.
  Time since last request: 0.000024 seconds.
  path: Assets/Props/Kitchen/Package04_Free_Kitchen/FreeKitchen/Prefabs/Version02/FreePlate.prefab
  artifactKey: Guid(bf93e4f85312c47809f52b78bde0ff28) Importer(815301076,1909f56bfc062723c751e8b465ee728b)
Start importing Assets/Props/Kitchen/Package04_Free_Kitchen/FreeKitchen/Prefabs/Version02/FreePlate.prefab using Guid(bf93e4f85312c47809f52b78bde0ff28) Importer(815301076,1909f56bfc062723c751e8b465ee728b)  -> (artifact id: 'ae330f0b434629e142fd510f8172ddd0') in 0.011113 seconds 
========================================================================
Received Import Request.
  Time since last request: 3.947628 seconds.
  path: Assets/Props/Kitchen/Package04_Free_Kitchen/FreeKitchen/Prefabs/Version03/FreeShelf.prefab
  artifactKey: Guid(3c53d06be5fe04d0daa38ac01bb2ae2f) Importer(815301076,1909f56bfc062723c751e8b465ee728b)
Start importing Assets/Props/Kitchen/Package04_Free_Kitchen/FreeKitchen/Prefabs/Version03/FreeShelf.prefab using Guid(3c53d06be5fe04d0daa38ac01bb2ae2f) Importer(815301076,1909f56bfc062723c751e8b465ee728b)  -> (artifact id: 'a5e4d83ef7bb5fae35835e2d82378d59') in 0.019270 seconds 
========================================================================
Received Import Request.
  Time since last request: 0.885146 seconds.
  path: Assets/Props/Kitchen/Package04_Free_Kitchen/FreeKitchen/Prefabs/Version03/ShelfWithEquipment02.prefab
  artifactKey: Guid(aa1df0f72b9ae4474bc51acbd4283775) Importer(815301076,1909f56bfc062723c751e8b465ee728b)
Start importing Assets/Props/Kitchen/Package04_Free_Kitchen/FreeKitchen/Prefabs/Version03/ShelfWithEquipment02.prefab using Guid(aa1df0f72b9ae4474bc51acbd4283775) Importer(815301076,1909f56bfc062723c751e8b465ee728b)  -> (artifact id: 'a7e1667531293618a71750ca60f52d91') in 0.034093 seconds 
========================================================================
Received Import Request.
  Time since last request: 2.694654 seconds.
  path: Assets/Props/Kitchen/Package04_Free_Kitchen/FreeKitchen/Textures/Version01/FreeCabinet01_Material_AO.png
  artifactKey: Guid(7c7dd1f0698ca40e69ed529d91490707) Importer(815301076,1909f56bfc062723c751e8b465ee728b)
Start importing Assets/Props/Kitchen/Package04_Free_Kitchen/FreeKitchen/Textures/Version01/FreeCabinet01_Material_AO.png using Guid(7c7dd1f0698ca40e69ed529d91490707) Importer(815301076,1909f56bfc062723c751e8b465ee728b)  -> (artifact id: '7ebee00dbaafacb9e1df24c96c7a7056') in 0.050079 seconds 
========================================================================
Received Import Request.
  Time since last request: 0.000023 seconds.
  path: Assets/Props/Kitchen/Package04_Free_Kitchen/FreeKitchen/Textures/Version01/FreeRoomAccessoriesMaterial_AO.png
  artifactKey: Guid(ab44bff13e2204c099e2f94066d6beab) Importer(815301076,1909f56bfc062723c751e8b465ee728b)
Start importing Assets/Props/Kitchen/Package04_Free_Kitchen/FreeKitchen/Textures/Version01/FreeRoomAccessoriesMaterial_AO.png using Guid(ab44bff13e2204c099e2f94066d6beab) Importer(815301076,1909f56bfc062723c751e8b465ee728b)  -> (artifact id: 'ce6e172dfffabf5c55c4395ef28b0e30') in 0.016924 seconds 
========================================================================
Received Import Request.
  Time since last request: 0.000041 seconds.
  path: Assets/Props/Kitchen/Package04_Free_Kitchen/FreeKitchen/Textures/Version01/FreeEquipment01Material_AlbedoTransparency.png
  artifactKey: Guid(9e2598639c46f42aab171a12b7bdc604) Importer(815301076,1909f56bfc062723c751e8b465ee728b)
Start importing Assets/Props/Kitchen/Package04_Free_Kitchen/FreeKitchen/Textures/Version01/FreeEquipment01Material_AlbedoTransparency.png using Guid(9e2598639c46f42aab171a12b7bdc604) Importer(815301076,1909f56bfc062723c751e8b465ee728b)  -> (artifact id: '2a023bc6c520bd667a7acb9733fc07c2') in 0.015218 seconds 
========================================================================
Received Import Request.
  Time since last request: 0.000019 seconds.
  path: Assets/Props/Kitchen/Package04_Free_Kitchen/FreeKitchen/Textures/Version01/FreeRefrigeratorMaterial_AlbedoTransparency.png
  artifactKey: Guid(9000698f598bd4b2482952c3fc22539c) Importer(815301076,1909f56bfc062723c751e8b465ee728b)
Start importing Assets/Props/Kitchen/Package04_Free_Kitchen/FreeKitchen/Textures/Version01/FreeRefrigeratorMaterial_AlbedoTransparency.png using Guid(9000698f598bd4b2482952c3fc22539c) Importer(815301076,1909f56bfc062723c751e8b465ee728b)  -> (artifact id: '49b4125dde5a152c600382ea39663f9b') in 0.013664 seconds 
========================================================================
Received Import Request.
  Time since last request: 0.000035 seconds.
  path: Assets/Props/Kitchen/Package04_Free_Kitchen/FreeKitchen/Textures/Version01/FreeCoffeeMaker_ToasterMaterial_AlbedoTransparency.png
  artifactKey: Guid(b5b44808e1a7b44638af481c1600c933) Importer(815301076,1909f56bfc062723c751e8b465ee728b)
Start importing Assets/Props/Kitchen/Package04_Free_Kitchen/FreeKitchen/Textures/Version01/FreeCoffeeMaker_ToasterMaterial_AlbedoTransparency.png using Guid(b5b44808e1a7b44638af481c1600c933) Importer(815301076,1909f56bfc062723c751e8b465ee728b)  -> (artifact id: '8581663f8fbdc62add7a6217147d1401') in 0.014219 seconds 
========================================================================
Received Import Request.
  Time since last request: 0.000021 seconds.
  path: Assets/Props/Kitchen/Package04_Free_Kitchen/FreeKitchen/Textures/Version01/FreeCabinet03_Material_AO.png
  artifactKey: Guid(6f6c8443720e6480f923d95e2c99073d) Importer(815301076,1909f56bfc062723c751e8b465ee728b)
Start importing Assets/Props/Kitchen/Package04_Free_Kitchen/FreeKitchen/Textures/Version01/FreeCabinet03_Material_AO.png using Guid(6f6c8443720e6480f923d95e2c99073d) Importer(815301076,1909f56bfc062723c751e8b465ee728b)  -> (artifact id: 'f84c545cb2a76a4001446c2f0f2b9e19') in 0.017386 seconds 
========================================================================
Received Import Request.
  Time since last request: 0.000019 seconds.
  path: Assets/Props/Kitchen/Package04_Free_Kitchen/FreeKitchen/Textures/Version01/FreeCoffeeMaker_ToasterMaterial_MetallicSmoothness.png
  artifactKey: Guid(4fd6084d4bc29493f948dfcc89cebc41) Importer(815301076,1909f56bfc062723c751e8b465ee728b)
Start importing Assets/Props/Kitchen/Package04_Free_Kitchen/FreeKitchen/Textures/Version01/FreeCoffeeMaker_ToasterMaterial_MetallicSmoothness.png using Guid(4fd6084d4bc29493f948dfcc89cebc41) Importer(815301076,1909f56bfc062723c751e8b465ee728b)  -> (artifact id: '41fc6e30d9bb595100491bccc378a2af') in 0.018141 seconds 
========================================================================
Received Import Request.
  Time since last request: 0.000030 seconds.
  path: Assets/Props/Kitchen/Package04_Free_Kitchen/FreeKitchen/Textures/Version01/FreeCoffeeMaker_ToasterMaterial_AO.png
  artifactKey: Guid(ecca75457f1af440aa6c724e160dea98) Importer(815301076,1909f56bfc062723c751e8b465ee728b)
Start importing Assets/Props/Kitchen/Package04_Free_Kitchen/FreeKitchen/Textures/Version01/FreeCoffeeMaker_ToasterMaterial_AO.png using Guid(ecca75457f1af440aa6c724e160dea98) Importer(815301076,1909f56bfc062723c751e8b465ee728b)  -> (artifact id: 'd1aad4773c510f24a9c5b6662615d924') in 0.018254 seconds 
========================================================================
Received Prepare
Registering precompiled user dll's ...
Registered in 0.006358 seconds.
Begin MonoManager ReloadAssembly
Symbol file LoadedFromMemory doesn't match image E:\Git\Projetos\VPT_Challenge\DeliveryHouse\Library\PackageCache\com.unity.visualscripting@1.7.8\Editor\VisualScripting.Core\Dependencies\YamlDotNet\Unity.VisualScripting.YamlDotNet.dll
Symbol file LoadedFromMemory doesn't match image E:\Git\Projetos\VPT_Challenge\DeliveryHouse\Library\PackageCache\com.unity.visualscripting@1.7.8\Editor\VisualScripting.Core\Dependencies\DotNetZip\Unity.VisualScripting.IonicZip.dll
Native extension for WindowsStandalone target not found
Native extension for Android target not found
Native extension for WebGL target not found
Refreshing native plugins compatible for Editor in 1.63 ms, found 4 plugins.
Preloading 0 native plugins for Editor in 0.00 ms.
Mono: successfully reloaded assembly
- Completed reload, in  1.115 seconds
Domain Reload Profiling:
	ReloadAssembly (1116ms)
		BeginReloadAssembly (145ms)
			ExecutionOrderSort (0ms)
			DisableScriptedObjects (5ms)
			BackupInstance (0ms)
			ReleaseScriptingObjects (0ms)
			CreateAndSetChildDomain (42ms)
		EndReloadAssembly (895ms)
			LoadAssemblies (112ms)
			RebuildTransferFunctionScriptingTraits (0ms)
			SetupTypeCache (263ms)
			ReleaseScriptCaches (1ms)
			RebuildScriptCaches (50ms)
			SetupLoadedEditorAssemblies (440ms)
				LogAssemblyErrors (0ms)
				InitializePlatformSupportModulesInManaged (19ms)
				SetLoadedEditorAssemblies (1ms)
				RefreshPlugins (2ms)
				BeforeProcessingInitializeOnLoad (77ms)
				ProcessInitializeOnLoadAttributes (305ms)
				ProcessInitializeOnLoadMethodAttributes (34ms)
				AfterProcessingInitializeOnLoad (2ms)
				EditorAssembliesLoaded (0ms)
			ExecutionOrderSort2 (0ms)
			AwakeInstancesAfterBackupRestoration (7ms)
Platform modules already initialized, skipping
Refreshing native plugins compatible for Editor in 2.31 ms, found 4 plugins.
Preloading 0 native plugins for Editor in 0.00 ms.
Unloading 4687 Unused Serialized files (Serialized files now loaded: 0)
Unloading 30 unused Assets / (151.3 KB). Loaded Objects now: 5231.
Memory consumption went from 181.4 MB to 181.2 MB.
Total: 3.247200 ms (FindLiveObjects: 0.292600 ms CreateObjectMapping: 0.101700 ms MarkObjects: 2.733300 ms  DeleteObjects: 0.118500 ms)

AssetImportParameters requested are different than current active one (requested -> active):
  custom:video-decoder-ogg-theora: a1e56fd34408186e4bbccfd4996cb3dc -> 
  custom:container-muxer-webm: aa71ff27fc2769a1b78a27578f13a17b -> 
  custom:container-demuxer-webm: 4f35f7cbe854078d1ac9338744f61a02 -> 
  custom:video-encoder-webm-vp8: eb34c28f22e8b96e1ab97ce403110664 -> 
  custom:audio-encoder-webm-vorbis: bf7c407c2cedff20999df2af8eb42d56 -> 
  custom:framework-win-MediaFoundation: 216162199b28c13a410421893ffa2e32 -> 
  custom:container-demuxer-ogg: 62fdf1f143b41e24485cea50d1cbac27 -> 
  custom:video-decoder-webm-vp8: 9c59270c3fd7afecdb556c50c9e8de78 -> 
  custom:audio-decoder-ogg-vorbis: bf7c407c2cedff20999df2af8eb42d56 -> 
Editor requested this worker to shutdown with reason: Scaling down because of idle timeout
AssetImportWorker is now disconnected from the server
Process exiting
Exiting without the bug reporter. Application will terminate with return code 0