Using pre-set license
Built from '2021.3/staging' branch; Version is '2021.3.15f1 (e8e88683f834) revision 15263878'; Using compiler version '192829333'; Build Type 'Release'
OS: 'Windows 11  (10.0.22621) 64bit Professional' Language: 'pt' Physical Memory: 16174 MB
BatchMode: 1, IsHumanControllingUs: 0, StartBugReporterOnCrash: 0, Is64bit: 1, IsPro: 1

COMMAND LINE ARGUMENTS:
E:\Unity\2021.3.15f1\Editor\Unity.exe
-adb2
-batchMode
-noUpm
-name
AssetImportWorker7
-projectPath
E:/Git/Projetos/VPT_Challenge/DeliveryHouse
-logFile
Logs/AssetImportWorker7.log
-srvPort
53467
Successfully changed project path to: E:/Git/Projetos/VPT_Challenge/DeliveryHouse
E:/Git/Projetos/VPT_Challenge/DeliveryHouse
[UnityMemory] Configuration Parameters - Can be set up in boot.config
    "memorysetup-bucket-allocator-granularity=16"
    "memorysetup-bucket-allocator-bucket-count=8"
    "memorysetup-bucket-allocator-block-size=33554432"
    "memorysetup-bucket-allocator-block-count=8"
    "memorysetup-main-allocator-block-size=16777216"
    "memorysetup-thread-allocator-block-size=16777216"
    "memorysetup-gfx-main-allocator-block-size=16777216"
    "memorysetup-gfx-thread-allocator-block-size=16777216"
    "memorysetup-cache-allocator-block-size=4194304"
    "memorysetup-typetree-allocator-block-size=2097152"
    "memorysetup-profiler-bucket-allocator-granularity=16"
    "memorysetup-profiler-bucket-allocator-bucket-count=8"
    "memorysetup-profiler-bucket-allocator-block-size=33554432"
    "memorysetup-profiler-bucket-allocator-block-count=8"
    "memorysetup-profiler-allocator-block-size=16777216"
    "memorysetup-profiler-editor-allocator-block-size=1048576"
    "memorysetup-temp-allocator-size-main=16777216"
    "memorysetup-job-temp-allocator-block-size=2097152"
    "memorysetup-job-temp-allocator-block-size-background=1048576"
    "memorysetup-job-temp-allocator-reduction-small-platforms=262144"
    "memorysetup-temp-allocator-size-background-worker=32768"
    "memorysetup-temp-allocator-size-job-worker=262144"
    "memorysetup-temp-allocator-size-preload-manager=33554432"
    "memorysetup-temp-allocator-size-nav-mesh-worker=65536"
    "memorysetup-temp-allocator-size-audio-worker=65536"
    "memorysetup-temp-allocator-size-cloud-worker=32768"
    "memorysetup-temp-allocator-size-gi-baking-worker=262144"
    "memorysetup-temp-allocator-size-gfx=262144"
Player connection [35564] Host "[IP] 192.168.15.12 [Port] 0 [Flags] 2 [Guid] 4270875827 [EditorId] 4270875827 [Version] 1048832 [Id] WindowsEditor(7,DESKTOP-H33AGGO) [Debug] 1 [PackageName] WindowsEditor [ProjectName] Editor" joined multi-casting on [225.0.0.222:54997]...

Player connection [35564] Host "[IP] 192.168.15.12 [Port] 0 [Flags] 2 [Guid] 4270875827 [EditorId] 4270875827 [Version] 1048832 [Id] WindowsEditor(7,DESKTOP-H33AGGO) [Debug] 1 [PackageName] WindowsEditor [ProjectName] Editor" joined alternative multi-casting on [225.0.0.222:34997]...

Refreshing native plugins compatible for Editor in 108.11 ms, found 4 plugins.
Preloading 0 native plugins for Editor in 0.00 ms.
Initialize engine version: 2021.3.15f1 (e8e88683f834)
[Subsystems] Discovering subsystems at path E:/Unity/2021.3.15f1/Editor/Data/Resources/UnitySubsystems
[Subsystems] Discovering subsystems at path E:/Git/Projetos/VPT_Challenge/DeliveryHouse/Assets
GfxDevice: creating device client; threaded=0; jobified=0
Direct3D:
    Version:  Direct3D 11.0 [level 11.1]
    Renderer: NVIDIA GeForce GTX 1070 (ID=0x1b81)
    Vendor:   NVIDIA
    VRAM:     8081 MB
    Driver:   31.0.15.3179
Initialize mono
Mono path[0] = 'E:/Unity/2021.3.15f1/Editor/Data/Managed'
Mono path[1] = 'E:/Unity/2021.3.15f1/Editor/Data/MonoBleedingEdge/lib/mono/unityjit-win32'
Mono config path = 'E:/Unity/2021.3.15f1/Editor/Data/MonoBleedingEdge/etc'
Using monoOptions --debugger-agent=transport=dt_socket,embedding=1,server=y,suspend=n,address=127.0.0.1:56016
Begin MonoManager ReloadAssembly
Registering precompiled unity dll's ...
Register platform support module: E:/Unity/2021.3.15f1/Editor/Data/PlaybackEngines/WebGLSupport/UnityEditor.WebGL.Extensions.dll
Register platform support module: E:/Unity/2021.3.15f1/Editor/Data/PlaybackEngines/AndroidPlayer/UnityEditor.Android.Extensions.dll
Register platform support module: E:/Unity/2021.3.15f1/Editor/Data/PlaybackEngines/WindowsStandaloneSupport/UnityEditor.WindowsStandalone.Extensions.dll
Registered in 0.002521 seconds.
Native extension for WindowsStandalone target not found
Native extension for Android target not found
Native extension for WebGL target not found
Refreshing native plugins compatible for Editor in 93.64 ms, found 4 plugins.
Preloading 0 native plugins for Editor in 0.00 ms.
Mono: successfully reloaded assembly
- Completed reload, in  0.586 seconds
Domain Reload Profiling:
	ReloadAssembly (586ms)
		BeginReloadAssembly (69ms)
			ExecutionOrderSort (0ms)
			DisableScriptedObjects (0ms)
			BackupInstance (0ms)
			ReleaseScriptingObjects (0ms)
			CreateAndSetChildDomain (1ms)
		EndReloadAssembly (435ms)
			LoadAssemblies (69ms)
			RebuildTransferFunctionScriptingTraits (0ms)
			SetupTypeCache (106ms)
			ReleaseScriptCaches (0ms)
			RebuildScriptCaches (26ms)
			SetupLoadedEditorAssemblies (257ms)
				LogAssemblyErrors (0ms)
				InitializePlatformSupportModulesInManaged (46ms)
				SetLoadedEditorAssemblies (0ms)
				RefreshPlugins (94ms)
				BeforeProcessingInitializeOnLoad (1ms)
				ProcessInitializeOnLoadAttributes (82ms)
				ProcessInitializeOnLoadMethodAttributes (34ms)
				AfterProcessingInitializeOnLoad (0ms)
				EditorAssembliesLoaded (0ms)
			ExecutionOrderSort2 (0ms)
			AwakeInstancesAfterBackupRestoration (0ms)
Platform modules already initialized, skipping
Registering precompiled user dll's ...
Registered in 0.005878 seconds.
Begin MonoManager ReloadAssembly
Symbol file LoadedFromMemory doesn't match image E:\Git\Projetos\VPT_Challenge\DeliveryHouse\Library\PackageCache\com.unity.visualscripting@1.7.8\Editor\VisualScripting.Core\Dependencies\YamlDotNet\Unity.VisualScripting.YamlDotNet.dll
Symbol file LoadedFromMemory doesn't match image E:\Git\Projetos\VPT_Challenge\DeliveryHouse\Library\PackageCache\com.unity.visualscripting@1.7.8\Editor\VisualScripting.Core\Dependencies\DotNetZip\Unity.VisualScripting.IonicZip.dll
Native extension for WindowsStandalone target not found
Native extension for Android target not found
Native extension for WebGL target not found
Refreshing native plugins compatible for Editor in 92.14 ms, found 4 plugins.
Preloading 0 native plugins for Editor in 0.00 ms.
Mono: successfully reloaded assembly
- Completed reload, in  1.195 seconds
Domain Reload Profiling:
	ReloadAssembly (1196ms)
		BeginReloadAssembly (215ms)
			ExecutionOrderSort (0ms)
			DisableScriptedObjects (7ms)
			BackupInstance (0ms)
			ReleaseScriptingObjects (0ms)
			CreateAndSetChildDomain (129ms)
		EndReloadAssembly (895ms)
			LoadAssemblies (91ms)
			RebuildTransferFunctionScriptingTraits (0ms)
			SetupTypeCache (220ms)
			ReleaseScriptCaches (1ms)
			RebuildScriptCaches (53ms)
			SetupLoadedEditorAssemblies (505ms)
				LogAssemblyErrors (0ms)
				InitializePlatformSupportModulesInManaged (11ms)
				SetLoadedEditorAssemblies (0ms)
				RefreshPlugins (92ms)
				BeforeProcessingInitializeOnLoad (92ms)
				ProcessInitializeOnLoadAttributes (274ms)
				ProcessInitializeOnLoadMethodAttributes (33ms)
				AfterProcessingInitializeOnLoad (2ms)
				EditorAssembliesLoaded (0ms)
			ExecutionOrderSort2 (0ms)
			AwakeInstancesAfterBackupRestoration (4ms)
Platform modules already initialized, skipping
========================================================================
Worker process is ready to serve import requests
Launched and connected shader compiler UnityShaderCompiler.exe after 0.07 seconds
Refreshing native plugins compatible for Editor in 1.24 ms, found 4 plugins.
Preloading 0 native plugins for Editor in 0.00 ms.
Unloading 4710 Unused Serialized files (Serialized files now loaded: 0)
Unloading 57 unused Assets / (184.5 KB). Loaded Objects now: 5168.
Memory consumption went from 178.8 MB to 178.6 MB.
Total: 3.593800 ms (FindLiveObjects: 0.315800 ms CreateObjectMapping: 0.158000 ms MarkObjects: 2.974900 ms  DeleteObjects: 0.144200 ms)

AssetImportParameters requested are different than current active one (requested -> active):
  custom:video-decoder-ogg-theora: a1e56fd34408186e4bbccfd4996cb3dc -> 
  custom:container-muxer-webm: aa71ff27fc2769a1b78a27578f13a17b -> 
  custom:container-demuxer-webm: 4f35f7cbe854078d1ac9338744f61a02 -> 
  custom:video-encoder-webm-vp8: eb34c28f22e8b96e1ab97ce403110664 -> 
  custom:audio-encoder-webm-vorbis: bf7c407c2cedff20999df2af8eb42d56 -> 
  custom:framework-win-MediaFoundation: 216162199b28c13a410421893ffa2e32 -> 
  custom:container-demuxer-ogg: 62fdf1f143b41e24485cea50d1cbac27 -> 
  custom:video-decoder-webm-vp8: 9c59270c3fd7afecdb556c50c9e8de78 -> 
  custom:audio-decoder-ogg-vorbis: bf7c407c2cedff20999df2af8eb42d56 -> 
========================================================================
Received Import Request.
  Time since last request: 17970.398756 seconds.
  path: Assets/Props/Kitchen/Kitchen Asset/Prefabs/CornFlakes.prefab
  artifactKey: Guid(95cb85553a003914f8143e52b614b08f) Importer(815301076,1909f56bfc062723c751e8b465ee728b)
Start importing Assets/Props/Kitchen/Kitchen Asset/Prefabs/CornFlakes.prefab using Guid(95cb85553a003914f8143e52b614b08f) Importer(815301076,1909f56bfc062723c751e8b465ee728b)  -> (artifact id: '45f9c44c3cb4e91db6c54715b6312d80') in 0.053702 seconds 
========================================================================
Received Import Request.
  Time since last request: 0.000023 seconds.
  path: Assets/Props/Kitchen/Kitchen Asset/Prefabs/RollingPin.prefab
  artifactKey: Guid(4097a285d710b744b9ff6cb685207bae) Importer(815301076,1909f56bfc062723c751e8b465ee728b)
Start importing Assets/Props/Kitchen/Kitchen Asset/Prefabs/RollingPin.prefab using Guid(4097a285d710b744b9ff6cb685207bae) Importer(815301076,1909f56bfc062723c751e8b465ee728b)  -> (artifact id: 'f08e539724b26ec78112f6034bafdf38') in 0.002925 seconds 
========================================================================
Received Import Request.
  Time since last request: 0.000027 seconds.
  path: Assets/Props/Kitchen/Kitchen Asset/Prefabs/Fork.prefab
  artifactKey: Guid(b540476b589f10f46abb067b58e9e698) Importer(815301076,1909f56bfc062723c751e8b465ee728b)
Start importing Assets/Props/Kitchen/Kitchen Asset/Prefabs/Fork.prefab using Guid(b540476b589f10f46abb067b58e9e698) Importer(815301076,1909f56bfc062723c751e8b465ee728b)  -> (artifact id: '6ca7acdd751d651e2b554864f04eeeec') in 0.003292 seconds 
========================================================================
Received Import Request.
  Time since last request: 0.000027 seconds.
  path: Assets/Props/Kitchen/Kitchen Asset/Prefabs/DeepPlate.prefab
  artifactKey: Guid(573c24db696ae0b4091b43e2066b558d) Importer(815301076,1909f56bfc062723c751e8b465ee728b)
Start importing Assets/Props/Kitchen/Kitchen Asset/Prefabs/DeepPlate.prefab using Guid(573c24db696ae0b4091b43e2066b558d) Importer(815301076,1909f56bfc062723c751e8b465ee728b)  -> (artifact id: 'bbea6a5c0c36fdd646c68469debe2e5d') in 0.003322 seconds 
========================================================================
Received Import Request.
  Time since last request: 30.380012 seconds.
  path: Assets/Props/Kitchen/kitchen props/textures/breakfast-bar_normal.tga
  artifactKey: Guid(caceb824322daf54b9c6888b8eb9de29) Importer(815301076,1909f56bfc062723c751e8b465ee728b)
Start importing Assets/Props/Kitchen/kitchen props/textures/breakfast-bar_normal.tga using Guid(caceb824322daf54b9c6888b8eb9de29) Importer(815301076,1909f56bfc062723c751e8b465ee728b)  -> (artifact id: '2cdc246a9193509fcdcf6f7c1bf5846e') in 0.288529 seconds 
========================================================================
Received Import Request.
  Time since last request: 0.000025 seconds.
  path: Assets/Props/Kitchen/kitchen props/textures/china-plate_normal.tga
  artifactKey: Guid(62e8281d53912b840962ecddccae0996) Importer(815301076,1909f56bfc062723c751e8b465ee728b)
Start importing Assets/Props/Kitchen/kitchen props/textures/china-plate_normal.tga using Guid(62e8281d53912b840962ecddccae0996) Importer(815301076,1909f56bfc062723c751e8b465ee728b)  -> (artifact id: 'cc3b54c42ddcdb1dd1ee50a50973be75') in 0.209147 seconds 
========================================================================
Received Import Request.
  Time since last request: 0.000026 seconds.
  path: Assets/Props/Kitchen/kitchen props/textures/counter_normal.tga
  artifactKey: Guid(56a0944b7714fa74eab8d4b7490e57d6) Importer(815301076,1909f56bfc062723c751e8b465ee728b)
Start importing Assets/Props/Kitchen/kitchen props/textures/counter_normal.tga using Guid(56a0944b7714fa74eab8d4b7490e57d6) Importer(815301076,1909f56bfc062723c751e8b465ee728b)  -> (artifact id: '9f1693a9e1fc02f2c51ba6f05e9d6d2b') in 0.305369 seconds 
========================================================================
Received Import Request.
  Time since last request: 0.000023 seconds.
  path: Assets/Props/Kitchen/kitchen props/textures/mug-albedo-dirt.tga
  artifactKey: Guid(0cbc6e346b8fa124881ff7706037aafd) Importer(815301076,1909f56bfc062723c751e8b465ee728b)
Start importing Assets/Props/Kitchen/kitchen props/textures/mug-albedo-dirt.tga using Guid(0cbc6e346b8fa124881ff7706037aafd) Importer(815301076,1909f56bfc062723c751e8b465ee728b)  -> (artifact id: '4d6ad5cde9d2b4371d14c22147dbdaed') in 0.234677 seconds 
========================================================================
Received Import Request.
  Time since last request: 0.000024 seconds.
  path: Assets/Props/Kitchen/kitchen props/textures/knives_albedo.tga
  artifactKey: Guid(17f96167990351f49a948d3c045d80c4) Importer(815301076,1909f56bfc062723c751e8b465ee728b)
Start importing Assets/Props/Kitchen/kitchen props/textures/knives_albedo.tga using Guid(17f96167990351f49a948d3c045d80c4) Importer(815301076,1909f56bfc062723c751e8b465ee728b)  -> (artifact id: '839b377435b958fc17db4bb5c000ba32') in 0.344954 seconds 
========================================================================
Received Import Request.
  Time since last request: 0.000025 seconds.
  path: Assets/Props/Kitchen/kitchen props/textures/toaster_metal.tga
  artifactKey: Guid(53a515a364a2c384fa3ba862467e8095) Importer(815301076,1909f56bfc062723c751e8b465ee728b)
Start importing Assets/Props/Kitchen/kitchen props/textures/toaster_metal.tga using Guid(53a515a364a2c384fa3ba862467e8095) Importer(815301076,1909f56bfc062723c751e8b465ee728b)  -> (artifact id: 'b821d5814305b66a9d66f16cdf193136') in 0.518767 seconds 
========================================================================
Received Import Request.
  Time since last request: 0.000046 seconds.
  path: Assets/Props/Kitchen/kitchen props/textures/mug_albedo.tga
  artifactKey: Guid(a9b20be183b460c429e825cd64baf74a) Importer(815301076,1909f56bfc062723c751e8b465ee728b)
Start importing Assets/Props/Kitchen/kitchen props/textures/mug_albedo.tga using Guid(a9b20be183b460c429e825cd64baf74a) Importer(815301076,1909f56bfc062723c751e8b465ee728b)  -> (artifact id: '17b841d0c334322d420954208ce3eac2') in 0.319430 seconds 
========================================================================
Received Import Request.
  Time since last request: 0.000020 seconds.
  path: Assets/Props/Kitchen/kitchen props/textures/dish-rack_metal.tga
  artifactKey: Guid(2f005d40ab2d49a488ce06c30a87c6bd) Importer(815301076,1909f56bfc062723c751e8b465ee728b)
Start importing Assets/Props/Kitchen/kitchen props/textures/dish-rack_metal.tga using Guid(2f005d40ab2d49a488ce06c30a87c6bd) Importer(815301076,1909f56bfc062723c751e8b465ee728b)  -> (artifact id: 'c8d8ff645dbec41fb814c8a7805b2e2a') in 0.398667 seconds 
========================================================================
Received Import Request.
  Time since last request: 0.000029 seconds.
  path: Assets/Props/Kitchen/kitchen props/textures/plates-albedo.tga
  artifactKey: Guid(91e7481fe4dca294d8d39b468c8d1142) Importer(815301076,1909f56bfc062723c751e8b465ee728b)
Start importing Assets/Props/Kitchen/kitchen props/textures/plates-albedo.tga using Guid(91e7481fe4dca294d8d39b468c8d1142) Importer(815301076,1909f56bfc062723c751e8b465ee728b)  -> (artifact id: '93b23892a87d63480712dd61e5b1992e') in 0.048197 seconds 
========================================================================
Received Import Request.
  Time since last request: 39.311179 seconds.
  path: Assets/Props/Kitchen/kitchen props/materials/counter.mat
  artifactKey: Guid(cc562f63147f83443989c4ee021af5d5) Importer(815301076,1909f56bfc062723c751e8b465ee728b)
Start importing Assets/Props/Kitchen/kitchen props/materials/counter.mat using Guid(cc562f63147f83443989c4ee021af5d5) Importer(815301076,1909f56bfc062723c751e8b465ee728b)  -> (artifact id: '92af7fe17be37a651ce7ed7a8a055395') in 0.059729 seconds 
========================================================================
Received Import Request.
  Time since last request: 0.000053 seconds.
  path: Assets/Props/Kitchen/kitchen props/materials/toaster.mat
  artifactKey: Guid(88b6dc8c22c60a54fafc2024e3bd1c7d) Importer(815301076,1909f56bfc062723c751e8b465ee728b)
Start importing Assets/Props/Kitchen/kitchen props/materials/toaster.mat using Guid(88b6dc8c22c60a54fafc2024e3bd1c7d) Importer(815301076,1909f56bfc062723c751e8b465ee728b)  -> (artifact id: 'bc67993601cb290f6895e14b09bde2f8') in 0.047933 seconds 
========================================================================
Received Import Request.
  Time since last request: 0.000023 seconds.
  path: Assets/Props/Kitchen/kitchen props/materials/toaster-2.mat
  artifactKey: Guid(d80f90649d0bf7448a779585d221995f) Importer(815301076,1909f56bfc062723c751e8b465ee728b)
Start importing Assets/Props/Kitchen/kitchen props/materials/toaster-2.mat using Guid(d80f90649d0bf7448a779585d221995f) Importer(815301076,1909f56bfc062723c751e8b465ee728b)  -> (artifact id: '9e2691a996506399f2846d3f10754555') in 0.036466 seconds 
========================================================================
Received Import Request.
  Time since last request: 95.774637 seconds.
  path: Assets/Props/Kitchen/Package04_Free_Kitchen/FreeKitchen/Models/FreeBowl02.fbx
  artifactKey: Guid(63a684205bd934635bea35ff3f82fbbc) Importer(815301076,1909f56bfc062723c751e8b465ee728b)
Start importing Assets/Props/Kitchen/Package04_Free_Kitchen/FreeKitchen/Models/FreeBowl02.fbx using Guid(63a684205bd934635bea35ff3f82fbbc) Importer(815301076,1909f56bfc062723c751e8b465ee728b)  -> (artifact id: '53cf71c893277542e011f6027a091882') in 0.053585 seconds 
========================================================================
Received Import Request.
  Time since last request: 0.000023 seconds.
  path: Assets/Props/Kitchen/Package04_Free_Kitchen/FreeKitchen/Models/FreeCoffeeMaker.fbx
  artifactKey: Guid(fb230ce10f3ae484383e817ba4021312) Importer(815301076,1909f56bfc062723c751e8b465ee728b)
Start importing Assets/Props/Kitchen/Package04_Free_Kitchen/FreeKitchen/Models/FreeCoffeeMaker.fbx using Guid(fb230ce10f3ae484383e817ba4021312) Importer(815301076,1909f56bfc062723c751e8b465ee728b)  -> (artifact id: '32a291ecf0304bf129fcffccf0f70e10') in 0.025367 seconds 
========================================================================
Received Import Request.
  Time since last request: 0.000027 seconds.
  path: Assets/Props/Kitchen/Package04_Free_Kitchen/FreeKitchen/Models/FreePlate.fbx
  artifactKey: Guid(07b03dd64de72415c8fbbd227601bc41) Importer(815301076,1909f56bfc062723c751e8b465ee728b)
Start importing Assets/Props/Kitchen/Package04_Free_Kitchen/FreeKitchen/Models/FreePlate.fbx using Guid(07b03dd64de72415c8fbbd227601bc41) Importer(815301076,1909f56bfc062723c751e8b465ee728b)  -> (artifact id: 'd7bbbb4770fb5595ee6af26638e9efe5') in 0.029552 seconds 
========================================================================
Received Import Request.
  Time since last request: 0.000028 seconds.
  path: Assets/Props/Kitchen/Package04_Free_Kitchen/FreeKitchen/Models/FreeRefrigerator.fbx
  artifactKey: Guid(2b7c965ce965046faab61e0ccfefac3b) Importer(815301076,1909f56bfc062723c751e8b465ee728b)
Start importing Assets/Props/Kitchen/Package04_Free_Kitchen/FreeKitchen/Models/FreeRefrigerator.fbx using Guid(2b7c965ce965046faab61e0ccfefac3b) Importer(815301076,1909f56bfc062723c751e8b465ee728b)  -> (artifact id: '94d7dd25f97106ac5a49d4cb107f0d71') in 0.052621 seconds 
========================================================================
Received Import Request.
  Time since last request: 0.000025 seconds.
  path: Assets/Props/Kitchen/Package04_Free_Kitchen/FreeKitchen/Models/FreeLampPart.fbx
  artifactKey: Guid(48f96a3c2604f4637aac7bf57cf24238) Importer(815301076,1909f56bfc062723c751e8b465ee728b)
Start importing Assets/Props/Kitchen/Package04_Free_Kitchen/FreeKitchen/Models/FreeLampPart.fbx using Guid(48f96a3c2604f4637aac7bf57cf24238) Importer(815301076,1909f56bfc062723c751e8b465ee728b)  -> (artifact id: '17f35ff8b2ad2e0c6582c69091029291') in 0.015142 seconds 
========================================================================
Received Import Request.
  Time since last request: 0.000019 seconds.
  path: Assets/Props/Kitchen/Package04_Free_Kitchen/FreeKitchen/Models/FreeExtractorHood.fbx
  artifactKey: Guid(673d5702877994d0493b648ed35b6326) Importer(815301076,1909f56bfc062723c751e8b465ee728b)
Start importing Assets/Props/Kitchen/Package04_Free_Kitchen/FreeKitchen/Models/FreeExtractorHood.fbx using Guid(673d5702877994d0493b648ed35b6326) Importer(815301076,1909f56bfc062723c751e8b465ee728b)  -> (artifact id: '0035bb987d9df064a85f2a8d62c77269') in 0.013947 seconds 
========================================================================
Received Import Request.
  Time since last request: 0.000017 seconds.
  path: Assets/Props/Kitchen/Package04_Free_Kitchen/FreeKitchen/Models/FreeShelf.fbx
  artifactKey: Guid(afaeced10297a41728c31de1b878c4a1) Importer(815301076,1909f56bfc062723c751e8b465ee728b)
Start importing Assets/Props/Kitchen/Package04_Free_Kitchen/FreeKitchen/Models/FreeShelf.fbx using Guid(afaeced10297a41728c31de1b878c4a1) Importer(815301076,1909f56bfc062723c751e8b465ee728b)  -> (artifact id: '974bba959237ffe3108a00fc4c0837dd') in 0.025717 seconds 
========================================================================
Received Import Request.
  Time since last request: 0.000023 seconds.
  path: Assets/Props/Kitchen/Package04_Free_Kitchen/FreeKitchen/Models/FreeCabinet02.fbx
  artifactKey: Guid(0d30ee00960d341658b4d224edd6c6f2) Importer(815301076,1909f56bfc062723c751e8b465ee728b)
Start importing Assets/Props/Kitchen/Package04_Free_Kitchen/FreeKitchen/Models/FreeCabinet02.fbx using Guid(0d30ee00960d341658b4d224edd6c6f2) Importer(815301076,1909f56bfc062723c751e8b465ee728b)  -> (artifact id: '1ffa3e24f97549d13b3d53511fc50fb4') in 0.017163 seconds 
========================================================================
Received Import Request.
  Time since last request: 0.000021 seconds.
  path: Assets/Props/Kitchen/Package04_Free_Kitchen/FreeKitchen/Models/FreeRoom.fbx
  artifactKey: Guid(e44398b8debef4010a789dd58c1ae19a) Importer(815301076,1909f56bfc062723c751e8b465ee728b)
Start importing Assets/Props/Kitchen/Package04_Free_Kitchen/FreeKitchen/Models/FreeRoom.fbx using Guid(e44398b8debef4010a789dd58c1ae19a) Importer(815301076,1909f56bfc062723c751e8b465ee728b)  -> (artifact id: 'b1da08538f2b76123d2418fda1fbd0f0') in 0.266219 seconds 
========================================================================
Received Import Request.
  Time since last request: 0.000026 seconds.
  path: Assets/Props/Kitchen/Package04_Free_Kitchen/FreeKitchen/Models/FreeCabinet01.fbx
  artifactKey: Guid(f97859fdcfc7346408fcea5b6ef47d18) Importer(815301076,1909f56bfc062723c751e8b465ee728b)
Start importing Assets/Props/Kitchen/Package04_Free_Kitchen/FreeKitchen/Models/FreeCabinet01.fbx using Guid(f97859fdcfc7346408fcea5b6ef47d18) Importer(815301076,1909f56bfc062723c751e8b465ee728b)  -> (artifact id: '3d4550807780b8f19767d552805fc764') in 0.014377 seconds 
========================================================================
Received Import Request.
  Time since last request: 2.018468 seconds.
  path: Assets/Props/Kitchen/Package04_Free_Kitchen/FreeKitchen/Models/FreeToaster.fbx
  artifactKey: Guid(a4595afe082c14292a6a0728f327f0a9) Importer(815301076,1909f56bfc062723c751e8b465ee728b)
Start importing Assets/Props/Kitchen/Package04_Free_Kitchen/FreeKitchen/Models/FreeToaster.fbx using Guid(a4595afe082c14292a6a0728f327f0a9) Importer(815301076,1909f56bfc062723c751e8b465ee728b)  -> (artifact id: '00caac5e0dec02ade17b0c892abdc63e') in 0.013906 seconds 
========================================================================
Received Import Request.
  Time since last request: 0.000024 seconds.
  path: Assets/Props/Kitchen/Package04_Free_Kitchen/FreeKitchen/Models/FreeVase.fbx
  artifactKey: Guid(ed6105ec8aa2a4c9282c15aa8f7e91e4) Importer(815301076,1909f56bfc062723c751e8b465ee728b)
Start importing Assets/Props/Kitchen/Package04_Free_Kitchen/FreeKitchen/Models/FreeVase.fbx using Guid(ed6105ec8aa2a4c9282c15aa8f7e91e4) Importer(815301076,1909f56bfc062723c751e8b465ee728b)  -> (artifact id: '4677fe7479e2e901f14ce7107e663f5a') in 0.014814 seconds 
========================================================================
Received Import Request.
  Time since last request: 23.715587 seconds.
  path: Assets/Props/Kitchen/Package04_Free_Kitchen/FreeKitchen/Prefabs/Version01/FreeBowl01.prefab
  artifactKey: Guid(bdc2838c2d06e45218b13be8488e80f8) Importer(815301076,1909f56bfc062723c751e8b465ee728b)
Start importing Assets/Props/Kitchen/Package04_Free_Kitchen/FreeKitchen/Prefabs/Version01/FreeBowl01.prefab using Guid(bdc2838c2d06e45218b13be8488e80f8) Importer(815301076,1909f56bfc062723c751e8b465ee728b)  -> (artifact id: 'febd5201ac16d6795272d1b60ebfff94') in 0.010386 seconds 
========================================================================
Received Import Request.
  Time since last request: 0.000019 seconds.
  path: Assets/Props/Kitchen/Package04_Free_Kitchen/FreeKitchen/Prefabs/Version01/FreeCabinet02.prefab
  artifactKey: Guid(dfb55619937d34805a079ac258aeab8b) Importer(815301076,1909f56bfc062723c751e8b465ee728b)
Start importing Assets/Props/Kitchen/Package04_Free_Kitchen/FreeKitchen/Prefabs/Version01/FreeCabinet02.prefab using Guid(dfb55619937d34805a079ac258aeab8b) Importer(815301076,1909f56bfc062723c751e8b465ee728b)  -> (artifact id: '512a2e31c615d18a08d98948737ef06b') in 0.012329 seconds 
========================================================================
Received Import Request.
  Time since last request: 0.000018 seconds.
  path: Assets/Props/Kitchen/Package04_Free_Kitchen/FreeKitchen/Prefabs/Version01/FreeExtractorHood.prefab
  artifactKey: Guid(3e1e93d23ccbe4f4694a0a0689943ebb) Importer(815301076,1909f56bfc062723c751e8b465ee728b)
Start importing Assets/Props/Kitchen/Package04_Free_Kitchen/FreeKitchen/Prefabs/Version01/FreeExtractorHood.prefab using Guid(3e1e93d23ccbe4f4694a0a0689943ebb) Importer(815301076,1909f56bfc062723c751e8b465ee728b)  -> (artifact id: '3a926440e5628204e19b72bfaf60da80') in 0.011212 seconds 
========================================================================
Received Import Request.
  Time since last request: 0.000023 seconds.
  path: Assets/Props/Kitchen/Package04_Free_Kitchen/FreeKitchen/Prefabs/Version01/FreeCup.prefab
  artifactKey: Guid(f088a608eb93f4105a92b8260cc18130) Importer(815301076,1909f56bfc062723c751e8b465ee728b)
Start importing Assets/Props/Kitchen/Package04_Free_Kitchen/FreeKitchen/Prefabs/Version01/FreeCup.prefab using Guid(f088a608eb93f4105a92b8260cc18130) Importer(815301076,1909f56bfc062723c751e8b465ee728b)  -> (artifact id: 'f70eeb474fe887dad99dae9aaba56e69') in 0.011839 seconds 
========================================================================
Received Import Request.
  Time since last request: 0.000030 seconds.
  path: Assets/Props/Kitchen/Package04_Free_Kitchen/FreeKitchen/Prefabs/Version01/FreeCabinet03_DrawerBig.prefab
  artifactKey: Guid(364340c2167334b9a953bd5d6035404e) Importer(815301076,1909f56bfc062723c751e8b465ee728b)
Start importing Assets/Props/Kitchen/Package04_Free_Kitchen/FreeKitchen/Prefabs/Version01/FreeCabinet03_DrawerBig.prefab using Guid(364340c2167334b9a953bd5d6035404e) Importer(815301076,1909f56bfc062723c751e8b465ee728b)  -> (artifact id: '286244a6369077e21ce8c615bab8196e') in 0.011169 seconds 
========================================================================
Received Import Request.
  Time since last request: 0.000035 seconds.
  path: Assets/Props/Kitchen/Package04_Free_Kitchen/FreeKitchen/Prefabs/Version01/FreeChair.prefab
  artifactKey: Guid(fd97ab50fe8954dbdad1b63fe7179412) Importer(815301076,1909f56bfc062723c751e8b465ee728b)
Start importing Assets/Props/Kitchen/Package04_Free_Kitchen/FreeKitchen/Prefabs/Version01/FreeChair.prefab using Guid(fd97ab50fe8954dbdad1b63fe7179412) Importer(815301076,1909f56bfc062723c751e8b465ee728b)  -> (artifact id: 'ba0117230ccdd873d3a5aff48edf296d') in 0.012350 seconds 
========================================================================
Received Import Request.
  Time since last request: 0.000024 seconds.
  path: Assets/Props/Kitchen/Package04_Free_Kitchen/FreeKitchen/Prefabs/Version01/FreePlate.prefab
  artifactKey: Guid(ce79dbb34713241978debb72446fa860) Importer(815301076,1909f56bfc062723c751e8b465ee728b)
Start importing Assets/Props/Kitchen/Package04_Free_Kitchen/FreeKitchen/Prefabs/Version01/FreePlate.prefab using Guid(ce79dbb34713241978debb72446fa860) Importer(815301076,1909f56bfc062723c751e8b465ee728b)  -> (artifact id: 'c2452ced8169cd6a011ee7ec4e9d917d') in 0.012072 seconds 
========================================================================
Received Import Request.
  Time since last request: 0.000024 seconds.
  path: Assets/Props/Kitchen/Package04_Free_Kitchen/FreeKitchen/Prefabs/Version01/FreeCabinet03.prefab
  artifactKey: Guid(b6923535a336d40b194b2438f15740f3) Importer(815301076,1909f56bfc062723c751e8b465ee728b)
Start importing Assets/Props/Kitchen/Package04_Free_Kitchen/FreeKitchen/Prefabs/Version01/FreeCabinet03.prefab using Guid(b6923535a336d40b194b2438f15740f3) Importer(815301076,1909f56bfc062723c751e8b465ee728b)  -> (artifact id: '93a1868eb1a95aba184660bd6a9b9cf6') in 0.014416 seconds 
========================================================================
Received Import Request.
  Time since last request: 0.000035 seconds.
  path: Assets/Props/Kitchen/Package04_Free_Kitchen/FreeKitchen/Prefabs/Version01/FreeMirkowave.prefab
  artifactKey: Guid(cb3840b99eff048c891ec696683d430e) Importer(815301076,1909f56bfc062723c751e8b465ee728b)
Start importing Assets/Props/Kitchen/Package04_Free_Kitchen/FreeKitchen/Prefabs/Version01/FreeMirkowave.prefab using Guid(cb3840b99eff048c891ec696683d430e) Importer(815301076,1909f56bfc062723c751e8b465ee728b)  -> (artifact id: '1238952663d34a906b15bc7616afde7f') in 0.013240 seconds 
========================================================================
Received Import Request.
  Time since last request: 0.000031 seconds.
  path: Assets/Props/Kitchen/Package04_Free_Kitchen/FreeKitchen/Prefabs/Version01/FreeRefrigerator.prefab
  artifactKey: Guid(c726bfcdf3ad842acb677a25d9f13872) Importer(815301076,1909f56bfc062723c751e8b465ee728b)
Start importing Assets/Props/Kitchen/Package04_Free_Kitchen/FreeKitchen/Prefabs/Version01/FreeRefrigerator.prefab using Guid(c726bfcdf3ad842acb677a25d9f13872) Importer(815301076,1909f56bfc062723c751e8b465ee728b)  -> (artifact id: '45eb31056ee8f1a3ad6b6778366e7529') in 0.013146 seconds 
========================================================================
Received Import Request.
  Time since last request: 0.000024 seconds.
  path: Assets/Props/Kitchen/Package04_Free_Kitchen/FreeKitchen/Prefabs/Version01/FreePotBig.prefab
  artifactKey: Guid(044f3c58650d74108a9ac96a17e43fc8) Importer(815301076,1909f56bfc062723c751e8b465ee728b)
Start importing Assets/Props/Kitchen/Package04_Free_Kitchen/FreeKitchen/Prefabs/Version01/FreePotBig.prefab using Guid(044f3c58650d74108a9ac96a17e43fc8) Importer(815301076,1909f56bfc062723c751e8b465ee728b)  -> (artifact id: 'e9fa637ac4afbd85b875afadbbef601d') in 0.014378 seconds 
========================================================================
Received Import Request.
  Time since last request: 0.000021 seconds.
  path: Assets/Props/Kitchen/Package04_Free_Kitchen/FreeKitchen/Prefabs/Version01/FreeCabinet01_DoorLeft.prefab
  artifactKey: Guid(1a38065cf7a124a358a86f6ac65a1a34) Importer(815301076,1909f56bfc062723c751e8b465ee728b)
Start importing Assets/Props/Kitchen/Package04_Free_Kitchen/FreeKitchen/Prefabs/Version01/FreeCabinet01_DoorLeft.prefab using Guid(1a38065cf7a124a358a86f6ac65a1a34) Importer(815301076,1909f56bfc062723c751e8b465ee728b)  -> (artifact id: 'f1a86d1e372b123bff8c258394d00ce1') in 0.011576 seconds 
========================================================================
Received Import Request.
  Time since last request: 4.192988 seconds.
  path: Assets/Props/Kitchen/Package04_Free_Kitchen/FreeKitchen/Prefabs/Version02/FreeBowl01.prefab
  artifactKey: Guid(f9b46880c7d52469a8c1b79e124a0b45) Importer(815301076,1909f56bfc062723c751e8b465ee728b)
Start importing Assets/Props/Kitchen/Package04_Free_Kitchen/FreeKitchen/Prefabs/Version02/FreeBowl01.prefab using Guid(f9b46880c7d52469a8c1b79e124a0b45) Importer(815301076,1909f56bfc062723c751e8b465ee728b)  -> (artifact id: '86cf38ca1bb937551a52421bd097bd26') in 0.008879 seconds 
========================================================================
Received Import Request.
  Time since last request: 0.000021 seconds.
  path: Assets/Props/Kitchen/Package04_Free_Kitchen/FreeKitchen/Prefabs/Version02/FreeCabinet03_DrawerBig.prefab
  artifactKey: Guid(c0adec9f6a2d84c79bff54e8417e3cf6) Importer(815301076,1909f56bfc062723c751e8b465ee728b)
Start importing Assets/Props/Kitchen/Package04_Free_Kitchen/FreeKitchen/Prefabs/Version02/FreeCabinet03_DrawerBig.prefab using Guid(c0adec9f6a2d84c79bff54e8417e3cf6) Importer(815301076,1909f56bfc062723c751e8b465ee728b)  -> (artifact id: '20885c189c97446809c87cbfc55bb7c0') in 0.025030 seconds 
========================================================================
Received Import Request.
  Time since last request: 0.000024 seconds.
  path: Assets/Props/Kitchen/Package04_Free_Kitchen/FreeKitchen/Prefabs/Version02/FreeCup02.prefab
  artifactKey: Guid(5b64ffed52e684b8fafddec7967f146c) Importer(815301076,1909f56bfc062723c751e8b465ee728b)
Start importing Assets/Props/Kitchen/Package04_Free_Kitchen/FreeKitchen/Prefabs/Version02/FreeCup02.prefab using Guid(5b64ffed52e684b8fafddec7967f146c) Importer(815301076,1909f56bfc062723c751e8b465ee728b)  -> (artifact id: '12f29129f54fd09dd29015ef457d2422') in 0.010775 seconds 
========================================================================
Received Import Request.
  Time since last request: 0.000028 seconds.
  path: Assets/Props/Kitchen/Package04_Free_Kitchen/FreeKitchen/Prefabs/Version02/FreePotBig.prefab
  artifactKey: Guid(35d3766b796fd4242b5f5eaf018ade79) Importer(815301076,1909f56bfc062723c751e8b465ee728b)
Start importing Assets/Props/Kitchen/Package04_Free_Kitchen/FreeKitchen/Prefabs/Version02/FreePotBig.prefab using Guid(35d3766b796fd4242b5f5eaf018ade79) Importer(815301076,1909f56bfc062723c751e8b465ee728b)  -> (artifact id: '510fd7b8714f2195892a8d52bf15b74c') in 0.010450 seconds 
========================================================================
Received Import Request.
  Time since last request: 0.000022 seconds.
  path: Assets/Props/Kitchen/Package04_Free_Kitchen/FreeKitchen/Prefabs/Version02/FreeRoom_Version02.prefab
  artifactKey: Guid(df50b00d653da4daeb7be587a0685c4d) Importer(815301076,1909f56bfc062723c751e8b465ee728b)
Start importing Assets/Props/Kitchen/Package04_Free_Kitchen/FreeKitchen/Prefabs/Version02/FreeRoom_Version02.prefab using Guid(df50b00d653da4daeb7be587a0685c4d) Importer(815301076,1909f56bfc062723c751e8b465ee728b)  -> (artifact id: '1c684e020561b0fc3afad42c18d7a06f') in 0.089758 seconds 
========================================================================
Received Import Request.
  Time since last request: 7.573296 seconds.
  path: Assets/Props/Kitchen/Package04_Free_Kitchen/FreeKitchen/Textures/Version01/FreeCabinet01_Material_Normal.png
  artifactKey: Guid(083281d80331941689e8b05c1410004e) Importer(815301076,1909f56bfc062723c751e8b465ee728b)
Start importing Assets/Props/Kitchen/Package04_Free_Kitchen/FreeKitchen/Textures/Version01/FreeCabinet01_Material_Normal.png using Guid(083281d80331941689e8b05c1410004e) Importer(815301076,1909f56bfc062723c751e8b465ee728b)  -> (artifact id: '73124ca5a2b925868f613f099cf3f15d') in 0.048367 seconds 
========================================================================
Received Import Request.
  Time since last request: 0.000021 seconds.
  path: Assets/Props/Kitchen/Package04_Free_Kitchen/FreeKitchen/Textures/Version01/FreeCabinet03_Material_AlbedoTransparency.png
  artifactKey: Guid(16bc4d4d849b04151b55f31d0594fbee) Importer(815301076,1909f56bfc062723c751e8b465ee728b)
Start importing Assets/Props/Kitchen/Package04_Free_Kitchen/FreeKitchen/Textures/Version01/FreeCabinet03_Material_AlbedoTransparency.png using Guid(16bc4d4d849b04151b55f31d0594fbee) Importer(815301076,1909f56bfc062723c751e8b465ee728b)  -> (artifact id: 'c7a2d3875a7afa6f5a48a8c24526bb75') in 0.014912 seconds 
========================================================================
Received Import Request.
  Time since last request: 0.000024 seconds.
  path: Assets/Props/Kitchen/Package04_Free_Kitchen/FreeKitchen/Textures/Version01/FreeEquipment02Material_AlbedoTransparency.png
  artifactKey: Guid(7995cc51403c448ecba8b6d4650787ea) Importer(815301076,1909f56bfc062723c751e8b465ee728b)
Start importing Assets/Props/Kitchen/Package04_Free_Kitchen/FreeKitchen/Textures/Version01/FreeEquipment02Material_AlbedoTransparency.png using Guid(7995cc51403c448ecba8b6d4650787ea) Importer(815301076,1909f56bfc062723c751e8b465ee728b)  -> (artifact id: '320dbb940b2d0fcd79f4109ef453b5a8') in 0.014249 seconds 
========================================================================
Received Import Request.
  Time since last request: 0.000022 seconds.
  path: Assets/Props/Kitchen/Package04_Free_Kitchen/FreeKitchen/Textures/Version01/FreeEquipment01Material_AO.png
  artifactKey: Guid(d0290828450b14799b80a589dad3cd03) Importer(815301076,1909f56bfc062723c751e8b465ee728b)
Start importing Assets/Props/Kitchen/Package04_Free_Kitchen/FreeKitchen/Textures/Version01/FreeEquipment01Material_AO.png using Guid(d0290828450b14799b80a589dad3cd03) Importer(815301076,1909f56bfc062723c751e8b465ee728b)  -> (artifact id: '7d7d1ca02779e5ec5206047492889e07') in 0.015017 seconds 
========================================================================
Received Import Request.
  Time since last request: 0.000034 seconds.
  path: Assets/Props/Kitchen/Package04_Free_Kitchen/FreeKitchen/Textures/Version01/FreeEquipment02Material_MetallicSmoothness.png
  artifactKey: Guid(cb2ff985c53554926997ff6c66d9f8a3) Importer(815301076,1909f56bfc062723c751e8b465ee728b)
Start importing Assets/Props/Kitchen/Package04_Free_Kitchen/FreeKitchen/Textures/Version01/FreeEquipment02Material_MetallicSmoothness.png using Guid(cb2ff985c53554926997ff6c66d9f8a3) Importer(815301076,1909f56bfc062723c751e8b465ee728b)  -> (artifact id: 'ac3bed382757baa874d007befeeabbdb') in 0.013980 seconds 
========================================================================
Received Import Request.
  Time since last request: 0.000025 seconds.
  path: Assets/Props/Kitchen/Package04_Free_Kitchen/FreeKitchen/Textures/Version01/FreeRefrigeratorMaterial_MetallicSmoothness.png
  artifactKey: Guid(7686b978eaee64a74b68aa5bb62f1d23) Importer(815301076,1909f56bfc062723c751e8b465ee728b)
Start importing Assets/Props/Kitchen/Package04_Free_Kitchen/FreeKitchen/Textures/Version01/FreeRefrigeratorMaterial_MetallicSmoothness.png using Guid(7686b978eaee64a74b68aa5bb62f1d23) Importer(815301076,1909f56bfc062723c751e8b465ee728b)  -> (artifact id: 'e3f072e65718ab685e21a3ec44c31f05') in 0.016675 seconds 
========================================================================
Received Import Request.
  Time since last request: 0.000029 seconds.
  path: Assets/Props/Kitchen/Package04_Free_Kitchen/FreeKitchen/Textures/Version01/FreeCabinet02_Material_MetallicSmoothness.png
  artifactKey: Guid(8ed2a69e63cba4a0f84c2ad2dcff1a8d) Importer(815301076,1909f56bfc062723c751e8b465ee728b)
Start importing Assets/Props/Kitchen/Package04_Free_Kitchen/FreeKitchen/Textures/Version01/FreeCabinet02_Material_MetallicSmoothness.png using Guid(8ed2a69e63cba4a0f84c2ad2dcff1a8d) Importer(815301076,1909f56bfc062723c751e8b465ee728b)  -> (artifact id: 'e58fc7affb4eab392cda93a347974459') in 0.015600 seconds 
========================================================================
Received Import Request.
  Time since last request: 0.000029 seconds.
  path: Assets/Props/Kitchen/Package04_Free_Kitchen/FreeKitchen/Textures/Version01/FreeEquipment02Material_Normal.png
  artifactKey: Guid(2acedc4d5771a45bea6c63520bb0bfb3) Importer(815301076,1909f56bfc062723c751e8b465ee728b)
Start importing Assets/Props/Kitchen/Package04_Free_Kitchen/FreeKitchen/Textures/Version01/FreeEquipment02Material_Normal.png using Guid(2acedc4d5771a45bea6c63520bb0bfb3) Importer(815301076,1909f56bfc062723c751e8b465ee728b)  -> (artifact id: '4d08de27157abd8e5e37eef62ca23942') in 0.018051 seconds 
========================================================================
Received Prepare
Registering precompiled user dll's ...
Registered in 0.005751 seconds.
Begin MonoManager ReloadAssembly
Symbol file LoadedFromMemory doesn't match image E:\Git\Projetos\VPT_Challenge\DeliveryHouse\Library\PackageCache\com.unity.visualscripting@1.7.8\Editor\VisualScripting.Core\Dependencies\YamlDotNet\Unity.VisualScripting.YamlDotNet.dll
Symbol file LoadedFromMemory doesn't match image E:\Git\Projetos\VPT_Challenge\DeliveryHouse\Library\PackageCache\com.unity.visualscripting@1.7.8\Editor\VisualScripting.Core\Dependencies\DotNetZip\Unity.VisualScripting.IonicZip.dll
Native extension for WindowsStandalone target not found
Native extension for Android target not found
Native extension for WebGL target not found
Refreshing native plugins compatible for Editor in 0.97 ms, found 4 plugins.
Preloading 0 native plugins for Editor in 0.00 ms.
Mono: successfully reloaded assembly
- Completed reload, in  1.115 seconds
Domain Reload Profiling:
	ReloadAssembly (1115ms)
		BeginReloadAssembly (153ms)
			ExecutionOrderSort (0ms)
			DisableScriptedObjects (5ms)
			BackupInstance (0ms)
			ReleaseScriptingObjects (0ms)
			CreateAndSetChildDomain (45ms)
		EndReloadAssembly (884ms)
			LoadAssemblies (120ms)
			RebuildTransferFunctionScriptingTraits (0ms)
			SetupTypeCache (253ms)
			ReleaseScriptCaches (2ms)
			RebuildScriptCaches (54ms)
			SetupLoadedEditorAssemblies (439ms)
				LogAssemblyErrors (0ms)
				InitializePlatformSupportModulesInManaged (20ms)
				SetLoadedEditorAssemblies (1ms)
				RefreshPlugins (1ms)
				BeforeProcessingInitializeOnLoad (77ms)
				ProcessInitializeOnLoadAttributes (303ms)
				ProcessInitializeOnLoadMethodAttributes (35ms)
				AfterProcessingInitializeOnLoad (2ms)
				EditorAssembliesLoaded (0ms)
			ExecutionOrderSort2 (0ms)
			AwakeInstancesAfterBackupRestoration (6ms)
Platform modules already initialized, skipping
Refreshing native plugins compatible for Editor in 3.43 ms, found 4 plugins.
Preloading 0 native plugins for Editor in 0.00 ms.
Unloading 4687 Unused Serialized files (Serialized files now loaded: 0)
Unloading 30 unused Assets / (151.3 KB). Loaded Objects now: 5231.
Memory consumption went from 181.2 MB to 181.0 MB.
Total: 5.046600 ms (FindLiveObjects: 0.364800 ms CreateObjectMapping: 0.137000 ms MarkObjects: 4.418300 ms  DeleteObjects: 0.125100 ms)

AssetImportParameters requested are different than current active one (requested -> active):
  custom:video-decoder-ogg-theora: a1e56fd34408186e4bbccfd4996cb3dc -> 
  custom:container-muxer-webm: aa71ff27fc2769a1b78a27578f13a17b -> 
  custom:container-demuxer-webm: 4f35f7cbe854078d1ac9338744f61a02 -> 
  custom:video-encoder-webm-vp8: eb34c28f22e8b96e1ab97ce403110664 -> 
  custom:audio-encoder-webm-vorbis: bf7c407c2cedff20999df2af8eb42d56 -> 
  custom:framework-win-MediaFoundation: 216162199b28c13a410421893ffa2e32 -> 
  custom:container-demuxer-ogg: 62fdf1f143b41e24485cea50d1cbac27 -> 
  custom:video-decoder-webm-vp8: 9c59270c3fd7afecdb556c50c9e8de78 -> 
  custom:audio-decoder-ogg-vorbis: bf7c407c2cedff20999df2af8eb42d56 -> 
Editor requested this worker to shutdown with reason: Scaling down because of idle timeout
AssetImportWorker is now disconnected from the server
Process exiting
Exiting without the bug reporter. Application will terminate with return code 0